Using pre-set license
Built from '2022.3/staging' branch; Version is '2022.3.16f1 (d2c21f0ef2f1) revision 13812255'; Using compiler version '192829333'; Build Type 'Release'
OS: 'Windows 11  (10.0.22000) 64bit Professional' Language: 'es' Physical Memory: 15743 MB
BatchMode: 1, IsHumanControllingUs: 0, StartBugReporterOnCrash: 0, Is64bit: 1, IsPro: 1

COMMAND LINE ARGUMENTS:
C:\Program Files\Unity\Hub\Editor\2022.3.16f1\Editor\Unity.exe
-adb2
-batchMode
-noUpm
-name
AssetImportWorker0
-projectPath
C:/Users/User/Desktop/proectoVideojuegos/videojuegosPrueba2
-logFile
Logs/AssetImportWorker0.log
-srvPort
50062
Successfully changed project path to: C:/Users/User/Desktop/proectoVideojuegos/videojuegosPrueba2
C:/Users/User/Desktop/proectoVideojuegos/videojuegosPrueba2
[UnityMemory] Configuration Parameters - Can be set up in boot.config
    "memorysetup-bucket-allocator-granularity=16"
    "memorysetup-bucket-allocator-bucket-count=8"
    "memorysetup-bucket-allocator-block-size=33554432"
    "memorysetup-bucket-allocator-block-count=8"
    "memorysetup-main-allocator-block-size=16777216"
    "memorysetup-thread-allocator-block-size=16777216"
    "memorysetup-gfx-main-allocator-block-size=16777216"
    "memorysetup-gfx-thread-allocator-block-size=16777216"
    "memorysetup-cache-allocator-block-size=4194304"
    "memorysetup-typetree-allocator-block-size=2097152"
    "memorysetup-profiler-bucket-allocator-granularity=16"
    "memorysetup-profiler-bucket-allocator-bucket-count=8"
    "memorysetup-profiler-bucket-allocator-block-size=33554432"
    "memorysetup-profiler-bucket-allocator-block-count=8"
    "memorysetup-profiler-allocator-block-size=16777216"
    "memorysetup-profiler-editor-allocator-block-size=1048576"
    "memorysetup-temp-allocator-size-main=16777216"
    "memorysetup-job-temp-allocator-block-size=2097152"
    "memorysetup-job-temp-allocator-block-size-background=1048576"
    "memorysetup-job-temp-allocator-reduction-small-platforms=262144"
    "memorysetup-allocator-temp-initial-block-size-main=262144"
    "memorysetup-allocator-temp-initial-block-size-worker=262144"
    "memorysetup-temp-allocator-size-background-worker=32768"
    "memorysetup-temp-allocator-size-job-worker=262144"
    "memorysetup-temp-allocator-size-preload-manager=33554432"
    "memorysetup-temp-allocator-size-nav-mesh-worker=65536"
    "memorysetup-temp-allocator-size-audio-worker=65536"
    "memorysetup-temp-allocator-size-cloud-worker=32768"
    "memorysetup-temp-allocator-size-gi-baking-worker=262144"
    "memorysetup-temp-allocator-size-gfx=262144"
Player connection [24432] Host "[IP] 192.168.100.9 [Port] 0 [Flags] 2 [Guid] 1409773398 [EditorId] 1409773398 [Version] 1048832 [Id] WindowsEditor(7,Paulfriki55) [Debug] 1 [PackageName] WindowsEditor [ProjectName] Editor" joined multi-casting on [225.0.0.222:54997]...

Player connection [24432] Host "[IP] 192.168.100.9 [Port] 0 [Flags] 2 [Guid] 1409773398 [EditorId] 1409773398 [Version] 1048832 [Id] WindowsEditor(7,Paulfriki55) [Debug] 1 [PackageName] WindowsEditor [ProjectName] Editor" joined alternative multi-casting on [225.0.0.222:34997]...

[Physics::Module] Initialized MultithreadedJobDispatcher with 11 workers.
Refreshing native plugins compatible for Editor in 6.91 ms, found 3 plugins.
Preloading 0 native plugins for Editor in 0.00 ms.
Initialize engine version: 2022.3.16f1 (d2c21f0ef2f1)
[Subsystems] Discovering subsystems at path C:/Program Files/Unity/Hub/Editor/2022.3.16f1/Editor/Data/Resources/UnitySubsystems
[Subsystems] Discovering subsystems at path C:/Users/User/Desktop/proectoVideojuegos/videojuegosPrueba2/Assets
GfxDevice: creating device client; threaded=0; jobified=0
Direct3D:
    Version:  Direct3D 11.0 [level 11.1]
    Renderer: AMD Radeon(TM) Graphics (ID=0x1638)
    Vendor:   ATI
    VRAM:     7871 MB
    Driver:   31.0.12027.9001
Initialize mono
Mono path[0] = 'C:/Program Files/Unity/Hub/Editor/2022.3.16f1/Editor/Data/Managed'
Mono path[1] = 'C:/Program Files/Unity/Hub/Editor/2022.3.16f1/Editor/Data/MonoBleedingEdge/lib/mono/unityjit-win32'
Mono config path = 'C:/Program Files/Unity/Hub/Editor/2022.3.16f1/Editor/Data/MonoBleedingEdge/etc'
Using monoOptions --debugger-agent=transport=dt_socket,embedding=1,server=y,suspend=n,address=127.0.0.1:56448
Begin MonoManager ReloadAssembly
Registering precompiled unity dll's ...
Register platform support module: C:/Program Files/Unity/Hub/Editor/2022.3.16f1/Editor/Data/PlaybackEngines/WebGLSupport/UnityEditor.WebGL.Extensions.dll
Register platform support module: C:/Program Files/Unity/Hub/Editor/2022.3.16f1/Editor/Data/PlaybackEngines/WindowsStandaloneSupport/UnityEditor.WindowsStandalone.Extensions.dll
Registered in 0.005670 seconds.
- Loaded All Assemblies, in  0.323 seconds
Native extension for WindowsStandalone target not found
Native extension for WebGL target not found
Mono: successfully reloaded assembly
- Finished resetting the current domain, in  0.266 seconds
Domain Reload Profiling: 588ms
	BeginReloadAssembly (96ms)
		ExecutionOrderSort (0ms)
		DisableScriptedObjects (0ms)
		BackupInstance (0ms)
		ReleaseScriptingObjects (0ms)
		CreateAndSetChildDomain (1ms)
	RebuildCommonClasses (30ms)
	RebuildNativeTypeToScriptingClass (9ms)
	initialDomainReloadingComplete (54ms)
	LoadAllAssembliesAndSetupDomain (133ms)
		LoadAssemblies (95ms)
		RebuildTransferFunctionScriptingTraits (0ms)
		AnalyzeDomain (131ms)
			TypeCache.Refresh (128ms)
				TypeCache.ScanAssembly (117ms)
			ScanForSourceGeneratedMonoScriptInfo (0ms)
			ResolveRequiredComponents (1ms)
	FinalizeReload (266ms)
		ReleaseScriptCaches (0ms)
		RebuildScriptCaches (0ms)
		SetupLoadedEditorAssemblies (209ms)
			LogAssemblyErrors (0ms)
			InitializePlatformSupportModulesInManaged (10ms)
			SetLoadedEditorAssemblies (5ms)
			RefreshPlugins (0ms)
			BeforeProcessingInitializeOnLoad (2ms)
			ProcessInitializeOnLoadAttributes (142ms)
			ProcessInitializeOnLoadMethodAttributes (50ms)
			AfterProcessingInitializeOnLoad (0ms)
			EditorAssembliesLoaded (0ms)
		ExecutionOrderSort2 (0ms)
		AwakeInstancesAfterBackupRestoration (0ms)
========================================================================
Worker process is ready to serve import requests
Begin MonoManager ReloadAssembly
- Loaded All Assemblies, in  0.587 seconds
Refreshing native plugins compatible for Editor in 3.18 ms, found 3 plugins.
Native extension for WindowsStandalone target not found
Native extension for WebGL target not found
Package Manager log level set to [2]
[Package Manager] Server::EnsureServerProcessIsRunning -- launch failed, reason: Unity was launched with the -noUpm command-line argument
[Package Manager] UpmClient::Send -- Unable to send message (not connected to UPM process).
[Package Manager] Cannot connect to Unity Package Manager local server
Mono: successfully reloaded assembly
- Finished resetting the current domain, in  0.643 seconds
Domain Reload Profiling: 1229ms
	BeginReloadAssembly (155ms)
		ExecutionOrderSort (0ms)
		DisableScriptedObjects (5ms)
		BackupInstance (0ms)
		ReleaseScriptingObjects (0ms)
		CreateAndSetChildDomain (25ms)
	RebuildCommonClasses (29ms)
	RebuildNativeTypeToScriptingClass (9ms)
	initialDomainReloadingComplete (35ms)
	LoadAllAssembliesAndSetupDomain (357ms)
		LoadAssemblies (270ms)
		RebuildTransferFunctionScriptingTraits (0ms)
		AnalyzeDomain (172ms)
			TypeCache.Refresh (153ms)
				TypeCache.ScanAssembly (138ms)
			ScanForSourceGeneratedMonoScriptInfo (14ms)
			ResolveRequiredComponents (3ms)
	FinalizeReload (643ms)
		ReleaseScriptCaches (0ms)
		RebuildScriptCaches (0ms)
		SetupLoadedEditorAssemblies (503ms)
			LogAssemblyErrors (0ms)
			InitializePlatformSupportModulesInManaged (8ms)
			SetLoadedEditorAssemblies (4ms)
			RefreshPlugins (0ms)
			BeforeProcessingInitializeOnLoad (52ms)
			ProcessInitializeOnLoadAttributes (417ms)
			ProcessInitializeOnLoadMethodAttributes (17ms)
			AfterProcessingInitializeOnLoad (5ms)
			EditorAssembliesLoaded (0ms)
		ExecutionOrderSort2 (0ms)
		AwakeInstancesAfterBackupRestoration (6ms)
Launched and connected shader compiler UnityShaderCompiler.exe after 0.04 seconds
Refreshing native plugins compatible for Editor in 2.07 ms, found 3 plugins.
Preloading 0 native plugins for Editor in 0.00 ms.
Unloading 3103 Unused Serialized files (Serialized files now loaded: 0)
Unloading 32 unused Assets / (57.0 KB). Loaded Objects now: 3565.
Memory consumption went from 126.9 MB to 126.8 MB.
Total: 3.837800 ms (FindLiveObjects: 0.261400 ms CreateObjectMapping: 0.090200 ms MarkObjects: 3.347000 ms  DeleteObjects: 0.138000 ms)

AssetImportParameters requested are different than current active one (requested -> active):
  custom:container-demuxer-ogg: 62fdf1f143b41e24485cea50d1cbac27 -> 
  custom:video-decoder-ogg-theora: a1e56fd34408186e4bbccfd4996cb3dc -> 
  custom:framework-win-MediaFoundation: 216162199b28c13a410421893ffa2e32 -> 
  custom:CustomObjectIndexerAttribute: 43b350a4d6e6d1791af0b5038c4bea17 -> 
  custom:container-demuxer-webm: 4f35f7cbe854078d1ac9338744f61a02 -> 
  custom:container-muxer-webm: aa71ff27fc2769a1b78a27578f13a17b -> 
  custom:video-decoder-webm-vp8: 9c59270c3fd7afecdb556c50c9e8de78 -> 
  custom:SearchIndexIgnoredProperties: e643bd26f0fe6173181afceb89e7c659 -> 
  custom:AudioImporter_EditorPlatform: d09bf68614088b80899f8185d706f6e7 -> 
  custom:video-encoder-webm-vp8: eb34c28f22e8b96e1ab97ce403110664 -> 
  custom:audio-decoder-ogg-vorbis: bf7c407c2cedff20999df2af8eb42d56 -> 
  custom:audio-encoder-webm-vorbis: bf7c407c2cedff20999df2af8eb42d56 -> 
========================================================================
Received Import Request.
  Time since last request: 4229253.619539 seconds.
  path: Assets/escenaBosque.unity
  artifactKey: Guid(e410b54aa3f02844cb33c9c29a6ccaad) Importer(815301076,1909f56bfc062723c751e8b465ee728b)
Start importing Assets/escenaBosque.unity using Guid(e410b54aa3f02844cb33c9c29a6ccaad) Importer(815301076,1909f56bfc062723c751e8b465ee728b)  -> (artifact id: 'e4f8e438cc6d3209b1cd788d77f21243') in 0.002163 seconds
Number of updated asset objects reloaded before import = 0
Number of asset objects unloaded after import = 0
========================================================================
Received Import Request.
  Time since last request: 1.312846 seconds.
  path: Assets/videojuego2.unity
  artifactKey: Guid(3bc47868f257b744285bf4015ae51982) Importer(815301076,1909f56bfc062723c751e8b465ee728b)
Start importing Assets/videojuego2.unity using Guid(3bc47868f257b744285bf4015ae51982) Importer(815301076,1909f56bfc062723c751e8b465ee728b)  -> (artifact id: 'ab0368d6b1cfead7301f16ba725a4b0f') in 0.000786 seconds
Number of updated asset objects reloaded before import = 0
Number of asset objects unloaded after import = 0
========================================================================
Received Prepare
Begin MonoManager ReloadAssembly
- Loaded All Assemblies, in  0.421 seconds
Refreshing native plugins compatible for Editor in 2.54 ms, found 3 plugins.
Native extension for WindowsStandalone target not found
Native extension for WebGL target not found
[Package Manager] Server::EnsureServerProcessIsRunning -- launch failed, reason: Unity was launched with the -noUpm command-line argument
[Package Manager] UpmClient::Send -- Unable to send message (not connected to UPM process).
[Package Manager] Cannot connect to Unity Package Manager local server
Mono: successfully reloaded assembly
- Finished resetting the current domain, in  1.070 seconds
Domain Reload Profiling: 1490ms
	BeginReloadAssembly (160ms)
		ExecutionOrderSort (0ms)
		DisableScriptedObjects (5ms)
		BackupInstance (0ms)
		ReleaseScriptingObjects (0ms)
		CreateAndSetChildDomain (47ms)
	RebuildCommonClasses (35ms)
	RebuildNativeTypeToScriptingClass (13ms)
	initialDomainReloadingComplete (25ms)
	LoadAllAssembliesAndSetupDomain (186ms)
		LoadAssemblies (249ms)
		RebuildTransferFunctionScriptingTraits (0ms)
		AnalyzeDomain (13ms)
			TypeCache.Refresh (8ms)
				TypeCache.ScanAssembly (0ms)
			ScanForSourceGeneratedMonoScriptInfo (0ms)
			ResolveRequiredComponents (3ms)
	FinalizeReload (1071ms)
		ReleaseScriptCaches (0ms)
		RebuildScriptCaches (0ms)
		SetupLoadedEditorAssemblies (642ms)
			LogAssemblyErrors (0ms)
			InitializePlatformSupportModulesInManaged (6ms)
			SetLoadedEditorAssemblies (6ms)
			RefreshPlugins (0ms)
			BeforeProcessingInitializeOnLoad (72ms)
			ProcessInitializeOnLoadAttributes (527ms)
			ProcessInitializeOnLoadMethodAttributes (26ms)
			AfterProcessingInitializeOnLoad (6ms)
			EditorAssembliesLoaded (0ms)
		ExecutionOrderSort2 (0ms)
		AwakeInstancesAfterBackupRestoration (11ms)
Refreshing native plugins compatible for Editor in 3.34 ms, found 3 plugins.
Preloading 0 native plugins for Editor in 0.00 ms.
Unloading 3082 Unused Serialized files (Serialized files now loaded: 0)
Unloading 23 unused Assets / (31.1 KB). Loaded Objects now: 3568.
Memory consumption went from 124.6 MB to 124.5 MB.
Total: 7.445900 ms (FindLiveObjects: 0.641000 ms CreateObjectMapping: 0.175700 ms MarkObjects: 6.473400 ms  DeleteObjects: 0.153600 ms)

Prepare: number of updated asset objects reloaded= 0
AssetImportParameters requested are different than current active one (requested -> active):
  custom:container-demuxer-ogg: 62fdf1f143b41e24485cea50d1cbac27 -> 
  custom:video-decoder-ogg-theora: a1e56fd34408186e4bbccfd4996cb3dc -> 
  custom:framework-win-MediaFoundation: 216162199b28c13a410421893ffa2e32 -> 
  custom:CustomObjectIndexerAttribute: 43b350a4d6e6d1791af0b5038c4bea17 -> 
  custom:container-demuxer-webm: 4f35f7cbe854078d1ac9338744f61a02 -> 
  custom:container-muxer-webm: aa71ff27fc2769a1b78a27578f13a17b -> 
  custom:video-decoder-webm-vp8: 9c59270c3fd7afecdb556c50c9e8de78 -> 
  custom:SearchIndexIgnoredProperties: e643bd26f0fe6173181afceb89e7c659 -> 
  custom:AudioImporter_EditorPlatform: d09bf68614088b80899f8185d706f6e7 -> 
  custom:video-encoder-webm-vp8: eb34c28f22e8b96e1ab97ce403110664 -> 
  custom:audio-decoder-ogg-vorbis: bf7c407c2cedff20999df2af8eb42d56 -> 
  custom:audio-encoder-webm-vorbis: bf7c407c2cedff20999df2af8eb42d56 -> 
========================================================================
Received Prepare
Begin MonoManager ReloadAssembly
- Loaded All Assemblies, in  0.399 seconds
Refreshing native plugins compatible for Editor in 2.21 ms, found 3 plugins.
Native extension for WindowsStandalone target not found
Native extension for WebGL target not found
[Package Manager] Server::EnsureServerProcessIsRunning -- launch failed, reason: Unity was launched with the -noUpm command-line argument
[Package Manager] UpmClient::Send -- Unable to send message (not connected to UPM process).
[Package Manager] Cannot connect to Unity Package Manager local server
Mono: successfully reloaded assembly
- Finished resetting the current domain, in  1.057 seconds
Domain Reload Profiling: 1455ms
	BeginReloadAssembly (156ms)
		ExecutionOrderSort (0ms)
		DisableScriptedObjects (7ms)
		BackupInstance (0ms)
		ReleaseScriptingObjects (0ms)
		CreateAndSetChildDomain (44ms)
	RebuildCommonClasses (25ms)
	RebuildNativeTypeToScriptingClass (9ms)
	initialDomainReloadingComplete (24ms)
	LoadAllAssembliesAndSetupDomain (184ms)
		LoadAssemblies (247ms)
		RebuildTransferFunctionScriptingTraits (0ms)
		AnalyzeDomain (9ms)
			TypeCache.Refresh (4ms)
				TypeCache.ScanAssembly (0ms)
			ScanForSourceGeneratedMonoScriptInfo (0ms)
			ResolveRequiredComponents (3ms)
	FinalizeReload (1058ms)
		ReleaseScriptCaches (0ms)
		RebuildScriptCaches (0ms)
		SetupLoadedEditorAssemblies (632ms)
			LogAssemblyErrors (0ms)
			InitializePlatformSupportModulesInManaged (6ms)
			SetLoadedEditorAssemblies (6ms)
			RefreshPlugins (0ms)
			BeforeProcessingInitializeOnLoad (76ms)
			ProcessInitializeOnLoadAttributes (514ms)
			ProcessInitializeOnLoadMethodAttributes (26ms)
			AfterProcessingInitializeOnLoad (5ms)
			EditorAssembliesLoaded (0ms)
		ExecutionOrderSort2 (0ms)
		AwakeInstancesAfterBackupRestoration (8ms)
Refreshing native plugins compatible for Editor in 3.00 ms, found 3 plugins.
Preloading 0 native plugins for Editor in 0.00 ms.
Unloading 3083 Unused Serialized files (Serialized files now loaded: 0)
Unloading 23 unused Assets / (31.0 KB). Loaded Objects now: 3571.
Memory consumption went from 126.7 MB to 126.7 MB.
Total: 7.540800 ms (FindLiveObjects: 0.637900 ms CreateObjectMapping: 0.492200 ms MarkObjects: 6.278000 ms  DeleteObjects: 0.131100 ms)

Prepare: number of updated asset objects reloaded= 0
AssetImportParameters requested are different than current active one (requested -> active):
  custom:container-demuxer-ogg: 62fdf1f143b41e24485cea50d1cbac27 -> 
  custom:video-decoder-ogg-theora: a1e56fd34408186e4bbccfd4996cb3dc -> 
  custom:framework-win-MediaFoundation: 216162199b28c13a410421893ffa2e32 -> 
  custom:CustomObjectIndexerAttribute: 43b350a4d6e6d1791af0b5038c4bea17 -> 
  custom:container-demuxer-webm: 4f35f7cbe854078d1ac9338744f61a02 -> 
  custom:container-muxer-webm: aa71ff27fc2769a1b78a27578f13a17b -> 
  custom:video-decoder-webm-vp8: 9c59270c3fd7afecdb556c50c9e8de78 -> 
  custom:SearchIndexIgnoredProperties: e643bd26f0fe6173181afceb89e7c659 -> 
  custom:AudioImporter_EditorPlatform: d09bf68614088b80899f8185d706f6e7 -> 
  custom:video-encoder-webm-vp8: eb34c28f22e8b96e1ab97ce403110664 -> 
  custom:audio-decoder-ogg-vorbis: bf7c407c2cedff20999df2af8eb42d56 -> 
  custom:audio-encoder-webm-vorbis: bf7c407c2cedff20999df2af8eb42d56 -> 
========================================================================
Received Import Request.
  Time since last request: 2839.448441 seconds.
  path: Assets/AdhesiveWombat - Night Shade ♫ NO COPYRIGHT 8-bit Music (1).mp4
  artifactKey: Guid(64c792c6f64e1354b82e0ffdc83e866d) Importer(2089858483,0ecaa5967403d082aa24f35e1b516d23)
Start importing Assets/AdhesiveWombat - Night Shade ♫ NO COPYRIGHT 8-bit Music (1).mp4 using Guid(64c792c6f64e1354b82e0ffdc83e866d) Importer(2089858483,0ecaa5967403d082aa24f35e1b516d23) Generated GUIDs only implemented for interfaces!
 -> (artifact id: '1c75552741609fd3e86449108cb18878') in 0.099929 seconds
Number of updated asset objects reloaded before import = 0
Number of asset objects unloaded after import = 1
========================================================================
Received Import Request.
  Time since last request: 0.000040 seconds.
  path: Assets/TextMesh Pro/Resources/Fonts & Materials/LiberationSans SDF - Drop Shadow.mat
  artifactKey: Guid(e73a58f6e2794ae7b1b7e50b7fb811b0) Importer(2089858483,0ecaa5967403d082aa24f35e1b516d23)
Start importing Assets/TextMesh Pro/Resources/Fonts & Materials/LiberationSans SDF - Drop Shadow.mat using Guid(e73a58f6e2794ae7b1b7e50b7fb811b0) Importer(2089858483,0ecaa5967403d082aa24f35e1b516d23) Generated GUIDs only implemented for interfaces!
 -> (artifact id: '6b28f63447e430b518572aacc17bb85e') in 0.076965 seconds
Number of updated asset objects reloaded before import = 0
Number of asset objects unloaded after import = 2
========================================================================
Received Import Request.
  Time since last request: 0.000031 seconds.
  path: Assets/Scripts/FollowPlayer.cs
  artifactKey: Guid(f1e6deefd2ec5524a94d095f804202fa) Importer(2089858483,0ecaa5967403d082aa24f35e1b516d23)
Start importing Assets/Scripts/FollowPlayer.cs using Guid(f1e6deefd2ec5524a94d095f804202fa) Importer(2089858483,0ecaa5967403d082aa24f35e1b516d23) Generated GUIDs only implemented for interfaces!
 -> (artifact id: 'a10a6a5099066dcacb08fd76b06c10e6') in 0.017189 seconds
Number of updated asset objects reloaded before import = 0
Number of asset objects unloaded after import = 1
========================================================================
Received Import Request.
  Time since last request: 0.000025 seconds.
  path: Assets/TextMesh Pro/Shaders/TMPro_Mobile.cginc
  artifactKey: Guid(c334973cef89a9840b0b0c507e0377ab) Importer(2089858483,0ecaa5967403d082aa24f35e1b516d23)
Start importing Assets/TextMesh Pro/Shaders/TMPro_Mobile.cginc using Guid(c334973cef89a9840b0b0c507e0377ab) Importer(2089858483,0ecaa5967403d082aa24f35e1b516d23) Generated GUIDs only implemented for interfaces!
 -> (artifact id: 'a5b460436b77cfaecf81d94ec8f6c84b') in 0.024943 seconds
Number of updated asset objects reloaded before import = 0
Number of asset objects unloaded after import = 1
========================================================================
Received Import Request.
  Time since last request: 0.000035 seconds.
  path: Assets/Scripts/SeguirPersonaje.cs
  artifactKey: Guid(7d614cda94f86e743923db3e83349ceb) Importer(2089858483,0ecaa5967403d082aa24f35e1b516d23)
Start importing Assets/Scripts/SeguirPersonaje.cs using Guid(7d614cda94f86e743923db3e83349ceb) Importer(2089858483,0ecaa5967403d082aa24f35e1b516d23) Generated GUIDs only implemented for interfaces!
 -> (artifact id: '50be18b14e44a9f423e0e223e532319a') in 0.009886 seconds
Number of updated asset objects reloaded before import = 0
Number of asset objects unloaded after import = 1
========================================================================
Received Import Request.
  Time since last request: 0.000024 seconds.
  path: Assets/TextMesh Pro/Sprites/EmojiOne.json
  artifactKey: Guid(8f05276190cf498a8153f6cbe761d4e6) Importer(2089858483,0ecaa5967403d082aa24f35e1b516d23)
Start importing Assets/TextMesh Pro/Sprites/EmojiOne.json using Guid(8f05276190cf498a8153f6cbe761d4e6) Importer(2089858483,0ecaa5967403d082aa24f35e1b516d23) Generated GUIDs only implemented for interfaces!
 -> (artifact id: '832551adba3d44313ee656ce93b88922') in 0.018246 seconds
Number of updated asset objects reloaded before import = 0
Number of asset objects unloaded after import = 1
========================================================================
Received Import Request.
  Time since last request: 0.000027 seconds.
  path: Assets/TextMesh Pro/Shaders/TMP_SDF-Mobile.shader
  artifactKey: Guid(fe393ace9b354375a9cb14cdbbc28be4) Importer(2089858483,0ecaa5967403d082aa24f35e1b516d23)
Start importing Assets/TextMesh Pro/Shaders/TMP_SDF-Mobile.shader using Guid(fe393ace9b354375a9cb14cdbbc28be4) Importer(2089858483,0ecaa5967403d082aa24f35e1b516d23) Generated GUIDs only implemented for interfaces!
 -> (artifact id: 'ed4bcbf8fb5527c6c0ef66a934f4c64c') in 0.025354 seconds
Number of updated asset objects reloaded before import = 0
Number of asset objects unloaded after import = 1
========================================================================
Received Import Request.
  Time since last request: 0.000027 seconds.
  path: Assets/TextMesh Pro/Shaders/TMPro.cginc
  artifactKey: Guid(407bc68d299748449bbf7f48ee690f8d) Importer(2089858483,0ecaa5967403d082aa24f35e1b516d23)
Start importing Assets/TextMesh Pro/Shaders/TMPro.cginc using Guid(407bc68d299748449bbf7f48ee690f8d) Importer(2089858483,0ecaa5967403d082aa24f35e1b516d23) Generated GUIDs only implemented for interfaces!
 -> (artifact id: '94a5df07276d66b845527b0e08a8e020') in 0.022481 seconds
Number of updated asset objects reloaded before import = 0
Number of asset objects unloaded after import = 1
========================================================================
Received Import Request.
  Time since last request: 0.000018 seconds.
  path: Assets/TextMesh Pro/Shaders/TMP_SDF-Mobile SSD.shader
  artifactKey: Guid(c8d12adcee749c344b8117cf7c7eb912) Importer(2089858483,0ecaa5967403d082aa24f35e1b516d23)
Start importing Assets/TextMesh Pro/Shaders/TMP_SDF-Mobile SSD.shader using Guid(c8d12adcee749c344b8117cf7c7eb912) Importer(2089858483,0ecaa5967403d082aa24f35e1b516d23) Generated GUIDs only implemented for interfaces!
 -> (artifact id: '1ec24905a8adadb11e4489ab79c2f493') in 0.017301 seconds
Number of updated asset objects reloaded before import = 0
Number of asset objects unloaded after import = 1
========================================================================
Received Import Request.
  Time since last request: 0.000019 seconds.
  path: Assets/TextMesh Pro/Resources/TMP Settings.asset
  artifactKey: Guid(3f5b5dff67a942289a9defa416b206f3) Importer(2089858483,0ecaa5967403d082aa24f35e1b516d23)
Start importing Assets/TextMesh Pro/Resources/TMP Settings.asset using Guid(3f5b5dff67a942289a9defa416b206f3) Importer(2089858483,0ecaa5967403d082aa24f35e1b516d23) Generated GUIDs only implemented for interfaces!
 -> (artifact id: 'a2ecb74d7a03d57ce31bd7c4c16a1b59') in 0.063444 seconds
Number of updated asset objects reloaded before import = 0
Number of asset objects unloaded after import = 15
========================================================================
Received Import Request.
  Time since last request: 0.000017 seconds.
  path: Assets/TextMesh Pro/Shaders/TMP_SDF-Mobile Overlay.shader
  artifactKey: Guid(a02a7d8c237544f1962732b55a9aebf1) Importer(2089858483,0ecaa5967403d082aa24f35e1b516d23)
Start importing Assets/TextMesh Pro/Shaders/TMP_SDF-Mobile Overlay.shader using Guid(a02a7d8c237544f1962732b55a9aebf1) Importer(2089858483,0ecaa5967403d082aa24f35e1b516d23) Generated GUIDs only implemented for interfaces!
 -> (artifact id: '937a4c749c9aabf1acffe9a51d80eef8') in 0.017080 seconds
Number of updated asset objects reloaded before import = 0
Number of asset objects unloaded after import = 1
========================================================================
Received Import Request.
  Time since last request: 0.000054 seconds.
  path: Assets/TextMesh Pro/Resources/LineBreaking Following Characters.txt
  artifactKey: Guid(fade42e8bc714b018fac513c043d323b) Importer(2089858483,0ecaa5967403d082aa24f35e1b516d23)
Start importing Assets/TextMesh Pro/Resources/LineBreaking Following Characters.txt using Guid(fade42e8bc714b018fac513c043d323b) Importer(2089858483,0ecaa5967403d082aa24f35e1b516d23) Generated GUIDs only implemented for interfaces!
 -> (artifact id: 'a9e9b934ee6e3649f10abb1d4c4f94d3') in 0.013940 seconds
Number of updated asset objects reloaded before import = 0
Number of asset objects unloaded after import = 1
========================================================================
Received Import Request.
  Time since last request: 0.000025 seconds.
  path: Assets/videojuego2.unity
  artifactKey: Guid(3bc47868f257b744285bf4015ae51982) Importer(2089858483,0ecaa5967403d082aa24f35e1b516d23)
Start importing Assets/videojuego2.unity using Guid(3bc47868f257b744285bf4015ae51982) Importer(2089858483,0ecaa5967403d082aa24f35e1b516d23) Generated GUIDs only implemented for interfaces!
 -> (artifact id: 'd3951fdc9cc0c63d05089af748119c9d') in 0.015702 seconds
Number of updated asset objects reloaded before import = 0
Number of asset objects unloaded after import = 1
========================================================================
Received Import Request.
  Time since last request: 0.000026 seconds.
  path: Assets/TextMesh Pro/Shaders/TMP_SDF SSD.shader
  artifactKey: Guid(14eb328de4b8eb245bb7cea29e4ac00b) Importer(2089858483,0ecaa5967403d082aa24f35e1b516d23)
Start importing Assets/TextMesh Pro/Shaders/TMP_SDF SSD.shader using Guid(14eb328de4b8eb245bb7cea29e4ac00b) Importer(2089858483,0ecaa5967403d082aa24f35e1b516d23) Generated GUIDs only implemented for interfaces!
 -> (artifact id: '3fff9b34bf9686bcf7999fe5153ba444') in 0.020841 seconds
Number of updated asset objects reloaded before import = 0
Number of asset objects unloaded after import = 1
========================================================================
Received Import Request.
  Time since last request: 0.000022 seconds.
  path: Assets/escenaBosque.unity
  artifactKey: Guid(e410b54aa3f02844cb33c9c29a6ccaad) Importer(2089858483,0ecaa5967403d082aa24f35e1b516d23)
Start importing Assets/escenaBosque.unity using Guid(e410b54aa3f02844cb33c9c29a6ccaad) Importer(2089858483,0ecaa5967403d082aa24f35e1b516d23) Generated GUIDs only implemented for interfaces!
 -> (artifact id: '610b6dedcc07b92286ab5cc45fedbc26') in 0.020253 seconds
Number of updated asset objects reloaded before import = 0
Number of asset objects unloaded after import = 1
========================================================================
Received Import Request.
  Time since last request: 0.000054 seconds.
  path: Assets/TextMesh Pro/Resources/Fonts & Materials/LiberationSans SDF - Fallback.asset
  artifactKey: Guid(2e498d1c8094910479dc3e1b768306a4) Importer(2089858483,0ecaa5967403d082aa24f35e1b516d23)
Start importing Assets/TextMesh Pro/Resources/Fonts & Materials/LiberationSans SDF - Fallback.asset using Guid(2e498d1c8094910479dc3e1b768306a4) Importer(2089858483,0ecaa5967403d082aa24f35e1b516d23) Generated GUIDs only implemented for interfaces!
 -> (artifact id: '231afbd1a23b38cdb1939b0ce79e5e5b') in 0.045339 seconds
Number of updated asset objects reloaded before import = 0
Number of asset objects unloaded after import = 5
========================================================================
Received Import Request.
  Time since last request: 0.000020 seconds.
  path: Assets/TextMesh Pro/Sprites/EmojiOne.png
  artifactKey: Guid(dffef66376be4fa480fb02b19edbe903) Importer(2089858483,0ecaa5967403d082aa24f35e1b516d23)
Start importing Assets/TextMesh Pro/Sprites/EmojiOne.png using Guid(dffef66376be4fa480fb02b19edbe903) Importer(2089858483,0ecaa5967403d082aa24f35e1b516d23) Generated GUIDs only implemented for interfaces!
 -> (artifact id: '584fe5654341bde4fc912ea65db41820') in 0.066600 seconds
Number of updated asset objects reloaded before import = 0
Number of asset objects unloaded after import = 1
========================================================================
Received Import Request.
  Time since last request: 0.000037 seconds.
  path: Assets/robot.prefab
  artifactKey: Guid(23f6b7af179cf084086aa2c333237f16) Importer(2089858483,0ecaa5967403d082aa24f35e1b516d23)
Start importing Assets/robot.prefab using Guid(23f6b7af179cf084086aa2c333237f16) Importer(2089858483,0ecaa5967403d082aa24f35e1b516d23) Generated GUIDs only implemented for interfaces!
 -> (artifact id: 'b2d0b1c0eda473cc76d86aee2a597552') in 0.072706 seconds
Number of updated asset objects reloaded before import = 0
Number of asset objects unloaded after import = 150
========================================================================
Received Import Request.
  Time since last request: 0.000056 seconds.
  path: Assets/TextMesh Pro/Shaders/TMP_Bitmap-Mobile.shader
  artifactKey: Guid(1e3b057af24249748ff873be7fafee47) Importer(2089858483,0ecaa5967403d082aa24f35e1b516d23)
Start importing Assets/TextMesh Pro/Shaders/TMP_Bitmap-Mobile.shader using Guid(1e3b057af24249748ff873be7fafee47) Importer(2089858483,0ecaa5967403d082aa24f35e1b516d23) Generated GUIDs only implemented for interfaces!
 -> (artifact id: 'b1d4e4d452abe8f53d620b9f55b06821') in 0.018051 seconds
Number of updated asset objects reloaded before import = 0
Number of asset objects unloaded after import = 1
========================================================================
Received Import Request.
  Time since last request: 0.000043 seconds.
  path: Assets/TextMesh Pro/Resources/Sprite Assets/EmojiOne.asset
  artifactKey: Guid(c41005c129ba4d66911b75229fd70b45) Importer(2089858483,0ecaa5967403d082aa24f35e1b516d23)
Start importing Assets/TextMesh Pro/Resources/Sprite Assets/EmojiOne.asset using Guid(c41005c129ba4d66911b75229fd70b45) Importer(2089858483,0ecaa5967403d082aa24f35e1b516d23) Generated GUIDs only implemented for interfaces!
 -> (artifact id: '6c202b70832e65d017cd58a9ad7bee08') in 0.026734 seconds
Number of updated asset objects reloaded before import = 0
Number of asset objects unloaded after import = 3
========================================================================
Received Import Request.
  Time since last request: 0.000058 seconds.
  path: Assets/Scripts/PlayerMovement.cs
  artifactKey: Guid(0f70447123aef8341abc1f7c2aa8417c) Importer(2089858483,0ecaa5967403d082aa24f35e1b516d23)
Start importing Assets/Scripts/PlayerMovement.cs using Guid(0f70447123aef8341abc1f7c2aa8417c) Importer(2089858483,0ecaa5967403d082aa24f35e1b516d23) Generated GUIDs only implemented for interfaces!
 -> (artifact id: '5c0afa4654c48c7ea14db67185d574ed') in 0.018289 seconds
Number of updated asset objects reloaded before import = 0
Number of asset objects unloaded after import = 1
========================================================================
Received Import Request.
  Time since last request: 0.000042 seconds.
  path: Assets/Scenes/SampleScene.unity
  artifactKey: Guid(9fc0d4010bbf28b4594072e72b8655ab) Importer(2089858483,0ecaa5967403d082aa24f35e1b516d23)
Start importing Assets/Scenes/SampleScene.unity using Guid(9fc0d4010bbf28b4594072e72b8655ab) Importer(2089858483,0ecaa5967403d082aa24f35e1b516d23) Generated GUIDs only implemented for interfaces!
 -> (artifact id: 'b66ef786c8c272297174856a8176aabc') in 0.014720 seconds
Number of updated asset objects reloaded before import = 0
Number of asset objects unloaded after import = 1
========================================================================
Received Import Request.
  Time since last request: 0.000081 seconds.
  path: Assets/TextMesh Pro/Shaders/TMP_SDF-Surface.shader
  artifactKey: Guid(f7ada0af4f174f0694ca6a487b8f543d) Importer(2089858483,0ecaa5967403d082aa24f35e1b516d23)
Start importing Assets/TextMesh Pro/Shaders/TMP_SDF-Surface.shader using Guid(f7ada0af4f174f0694ca6a487b8f543d) Importer(2089858483,0ecaa5967403d082aa24f35e1b516d23) Generated GUIDs only implemented for interfaces!
 -> (artifact id: 'b78edb29e50eb77a3f7fb3ee4811d9ee') in 0.020939 seconds
Number of updated asset objects reloaded before import = 0
Number of asset objects unloaded after import = 1
========================================================================
Received Import Request.
  Time since last request: 0.000032 seconds.
  path: Assets/Animaciones/Walking (1).fbx
  artifactKey: Guid(426d0abbbd672584d993c635e7e41035) Importer(2089858483,0ecaa5967403d082aa24f35e1b516d23)
Start importing Assets/Animaciones/Walking (1).fbx using Guid(426d0abbbd672584d993c635e7e41035) Importer(2089858483,0ecaa5967403d082aa24f35e1b516d23) Generated GUIDs only implemented for interfaces!
 -> (artifact id: '9abb9e4b4a3977ce31d34fc1c7bd34d9') in 0.092984 seconds
Number of updated asset objects reloaded before import = 0
Number of asset objects unloaded after import = 115
========================================================================
Received Import Request.
  Time since last request: 0.000043 seconds.
  path: Assets/TextMesh Pro/Shaders/TMP_Sprite.shader
  artifactKey: Guid(cf81c85f95fe47e1a27f6ae460cf182c) Importer(2089858483,0ecaa5967403d082aa24f35e1b516d23)
Start importing Assets/TextMesh Pro/Shaders/TMP_Sprite.shader using Guid(cf81c85f95fe47e1a27f6ae460cf182c) Importer(2089858483,0ecaa5967403d082aa24f35e1b516d23) Generated GUIDs only implemented for interfaces!
 -> (artifact id: 'd67a41a0ffadabb58c6ee2dc66f22fc3') in 0.017387 seconds
Number of updated asset objects reloaded before import = 0
Number of asset objects unloaded after import = 1
========================================================================
Received Import Request.
  Time since last request: 0.000019 seconds.
  path: Assets/MapaBosque1.fbx
  artifactKey: Guid(a307424d60b27d54492b978b655f90ba) Importer(2089858483,0ecaa5967403d082aa24f35e1b516d23)
Start importing Assets/MapaBosque1.fbx using Guid(a307424d60b27d54492b978b655f90ba) Importer(2089858483,0ecaa5967403d082aa24f35e1b516d23) Generated GUIDs only implemented for interfaces!
 -> (artifact id: 'd1146dffb0aa6d31bf855aeb64f2cfc0') in 0.665010 seconds
Number of updated asset objects reloaded before import = 0
Number of asset objects unloaded after import = 2007
========================================================================
Received Import Request.
  Time since last request: 90.519588 seconds.
  path: Assets/WM_SciFi_Weapon1_Lite/Materials/M_WM_SF_Wp01_k.mat
  artifactKey: Guid(40e1c1166fd9dd54bb2e31cd3bf7889d) Importer(2089858483,0ecaa5967403d082aa24f35e1b516d23)
Start importing Assets/WM_SciFi_Weapon1_Lite/Materials/M_WM_SF_Wp01_k.mat using Guid(40e1c1166fd9dd54bb2e31cd3bf7889d) Importer(2089858483,0ecaa5967403d082aa24f35e1b516d23) Generated GUIDs only implemented for interfaces!
 -> (artifact id: '427c011034a50ceb6ee61ca0f8e42dbb') in 0.157805 seconds
Number of updated asset objects reloaded before import = 0
Number of asset objects unloaded after import = 6
========================================================================
Received Import Request.
  Time since last request: 0.000045 seconds.
  path: Assets/WM_SciFi_Weapon1_Lite/Materials/M_WM_SF_Wp01_d.mat
  artifactKey: Guid(7c5cd6fa8dd9c164b891bcfdb2200cb1) Importer(2089858483,0ecaa5967403d082aa24f35e1b516d23)
Start importing Assets/WM_SciFi_Weapon1_Lite/Materials/M_WM_SF_Wp01_d.mat using Guid(7c5cd6fa8dd9c164b891bcfdb2200cb1) Importer(2089858483,0ecaa5967403d082aa24f35e1b516d23) Generated GUIDs only implemented for interfaces!
 -> (artifact id: 'eecb29775a44b7d3bdd0c4dc82c44335') in 0.021996 seconds
Number of updated asset objects reloaded before import = 0
Number of asset objects unloaded after import = 6
========================================================================
Received Import Request.
  Time since last request: 0.000023 seconds.
  path: Assets/WM_SciFi_Weapon1_Lite/Perfabs/WM_SF_Wp01_a.prefab
  artifactKey: Guid(32ca24d493f79754a94923210f088a44) Importer(2089858483,0ecaa5967403d082aa24f35e1b516d23)
Start importing Assets/WM_SciFi_Weapon1_Lite/Perfabs/WM_SF_Wp01_a.prefab using Guid(32ca24d493f79754a94923210f088a44) Importer(2089858483,0ecaa5967403d082aa24f35e1b516d23) Generated GUIDs only implemented for interfaces!
 -> (artifact id: '89e91c58f37980341ff83e5e12dd2cf9') in 0.013430 seconds
Number of updated asset objects reloaded before import = 0
Number of asset objects unloaded after import = 9
========================================================================
Received Import Request.
  Time since last request: 0.000055 seconds.
  path: Assets/WM_SciFi_Weapon1_Lite/Textures/WM_SF_Wp01_f_Emission.png
  artifactKey: Guid(6c4ef79b4da961c428d613aaba89525b) Importer(2089858483,0ecaa5967403d082aa24f35e1b516d23)
Start importing Assets/WM_SciFi_Weapon1_Lite/Textures/WM_SF_Wp01_f_Emission.png using Guid(6c4ef79b4da961c428d613aaba89525b) Importer(2089858483,0ecaa5967403d082aa24f35e1b516d23) Generated GUIDs only implemented for interfaces!
 -> (artifact id: '70c7e433377b4d0020180209e739dccd') in 0.022926 seconds
Number of updated asset objects reloaded before import = 0
Number of asset objects unloaded after import = 1
========================================================================
Received Import Request.
  Time since last request: 0.000033 seconds.
  path: Assets/WM_SciFi_Weapon1_Lite/Demo/DEMO1.unity
  artifactKey: Guid(60fbfadef6c8c9245ad2ece4f2e6c94a) Importer(2089858483,0ecaa5967403d082aa24f35e1b516d23)
Start importing Assets/WM_SciFi_Weapon1_Lite/Demo/DEMO1.unity using Guid(60fbfadef6c8c9245ad2ece4f2e6c94a) Importer(2089858483,0ecaa5967403d082aa24f35e1b516d23) Generated GUIDs only implemented for interfaces!
 -> (artifact id: '77e9e36427702cc8ece39fbb5ae57cb4') in 0.012108 seconds
Number of updated asset objects reloaded before import = 0
Number of asset objects unloaded after import = 1
========================================================================
Received Import Request.
  Time since last request: 0.000019 seconds.
  path: Assets/WM_SciFi_Weapon1_Lite/Meshes/WM_SF_Wp01_a.FBX
  artifactKey: Guid(589c90d4952cd7f4f99d50582f9da48d) Importer(2089858483,0ecaa5967403d082aa24f35e1b516d23)
Start importing Assets/WM_SciFi_Weapon1_Lite/Meshes/WM_SF_Wp01_a.FBX using Guid(589c90d4952cd7f4f99d50582f9da48d) Importer(2089858483,0ecaa5967403d082aa24f35e1b516d23) Generated GUIDs only implemented for interfaces!
 -> (artifact id: '2c6d4703f57378b55f19a9842d51e011') in 0.031379 seconds
Number of updated asset objects reloaded before import = 0
Number of asset objects unloaded after import = 7
========================================================================
Received Import Request.
  Time since last request: 0.000023 seconds.
  path: Assets/WM_SciFi_Weapon1_Lite/Perfabs/WM_SF_Wp01_d.prefab
  artifactKey: Guid(3694fadb841d6f64fb47ec79edded401) Importer(2089858483,0ecaa5967403d082aa24f35e1b516d23)
Start importing Assets/WM_SciFi_Weapon1_Lite/Perfabs/WM_SF_Wp01_d.prefab using Guid(3694fadb841d6f64fb47ec79edded401) Importer(2089858483,0ecaa5967403d082aa24f35e1b516d23) Generated GUIDs only implemented for interfaces!
 -> (artifact id: 'c66d73be0dc89a4954ba18d5f66727bb') in 0.015125 seconds
Number of updated asset objects reloaded before import = 0
Number of asset objects unloaded after import = 9
========================================================================
Received Import Request.
  Time since last request: 0.000018 seconds.
  path: Assets/WM_SciFi_Weapon1_Lite/Textures/WM_SF_Wp01_f_Metallic.png
  artifactKey: Guid(913fb5bfb9a898b45877be5c34e9c4c7) Importer(2089858483,0ecaa5967403d082aa24f35e1b516d23)
Start importing Assets/WM_SciFi_Weapon1_Lite/Textures/WM_SF_Wp01_f_Metallic.png using Guid(913fb5bfb9a898b45877be5c34e9c4c7) Importer(2089858483,0ecaa5967403d082aa24f35e1b516d23) Generated GUIDs only implemented for interfaces!
 -> (artifact id: '83c5629fb121ad1439b0c3839e6c189d') in 0.024977 seconds
Number of updated asset objects reloaded before import = 0
Number of asset objects unloaded after import = 1
========================================================================
Received Import Request.
  Time since last request: 0.000030 seconds.
  path: Assets/WM_SciFi_Weapon1_Lite/Materials/M_WM_SF_Wp01_g.mat
  artifactKey: Guid(564a114d36398b949bec091db6f417a4) Importer(2089858483,0ecaa5967403d082aa24f35e1b516d23)
Start importing Assets/WM_SciFi_Weapon1_Lite/Materials/M_WM_SF_Wp01_g.mat using Guid(564a114d36398b949bec091db6f417a4) Importer(2089858483,0ecaa5967403d082aa24f35e1b516d23) Generated GUIDs only implemented for interfaces!
 -> (artifact id: '8869d57d9a9bcbb852d76f9a841a4b16') in 0.020510 seconds
Number of updated asset objects reloaded before import = 0
Number of asset objects unloaded after import = 6
========================================================================
Received Import Request.
  Time since last request: 0.000024 seconds.
  path: Assets/WM_SciFi_Weapon1_Lite/Perfabs/WM_SF_Wp01_g.prefab
  artifactKey: Guid(48164cc44c2ad934ab415432ded30d61) Importer(2089858483,0ecaa5967403d082aa24f35e1b516d23)
Start importing Assets/WM_SciFi_Weapon1_Lite/Perfabs/WM_SF_Wp01_g.prefab using Guid(48164cc44c2ad934ab415432ded30d61) Importer(2089858483,0ecaa5967403d082aa24f35e1b516d23) Generated GUIDs only implemented for interfaces!
 -> (artifact id: '646ae16a3f33ad59121bd49062c9dcda') in 0.013445 seconds
Number of updated asset objects reloaded before import = 0
Number of asset objects unloaded after import = 9
========================================================================
Received Import Request.
  Time since last request: 0.000059 seconds.
  path: Assets/WM_SciFi_Weapon1_Lite/Textures/WM_SF_Wp01_i_Emission.png
  artifactKey: Guid(7f7c5e4f75368d7448e8e8dfd881e4c6) Importer(2089858483,0ecaa5967403d082aa24f35e1b516d23)
Start importing Assets/WM_SciFi_Weapon1_Lite/Textures/WM_SF_Wp01_i_Emission.png using Guid(7f7c5e4f75368d7448e8e8dfd881e4c6) Importer(2089858483,0ecaa5967403d082aa24f35e1b516d23) Generated GUIDs only implemented for interfaces!
 -> (artifact id: '3d037271912ed1ab54e00c311f86b198') in 0.024616 seconds
Number of updated asset objects reloaded before import = 0
Number of asset objects unloaded after import = 1
========================================================================
Received Import Request.
  Time since last request: 0.000017 seconds.
  path: Assets/WM_SciFi_Weapon1_Lite/Textures/WM_SF_Wp01_k_Emission.png
  artifactKey: Guid(e1b4c76754b19984daf49f4424981fb2) Importer(2089858483,0ecaa5967403d082aa24f35e1b516d23)
Start importing Assets/WM_SciFi_Weapon1_Lite/Textures/WM_SF_Wp01_k_Emission.png using Guid(e1b4c76754b19984daf49f4424981fb2) Importer(2089858483,0ecaa5967403d082aa24f35e1b516d23) Generated GUIDs only implemented for interfaces!
 -> (artifact id: 'd28b91178d20abd71f20ee9c8c357b2e') in 0.027714 seconds
Number of updated asset objects reloaded before import = 0
Number of asset objects unloaded after import = 1
========================================================================
Received Import Request.
  Time since last request: 0.000017 seconds.
  path: Assets/WM_SciFi_Weapon1_Lite/Textures/WM_SF_Wp01_e_Emission.png
  artifactKey: Guid(e7700d9e464c87141a0fdab14e9031ee) Importer(2089858483,0ecaa5967403d082aa24f35e1b516d23)
Start importing Assets/WM_SciFi_Weapon1_Lite/Textures/WM_SF_Wp01_e_Emission.png using Guid(e7700d9e464c87141a0fdab14e9031ee) Importer(2089858483,0ecaa5967403d082aa24f35e1b516d23) Generated GUIDs only implemented for interfaces!
 -> (artifact id: '86e124ccb4217be70d1b216f0d73fba6') in 0.022788 seconds
Number of updated asset objects reloaded before import = 0
Number of asset objects unloaded after import = 1
========================================================================
Received Import Request.
  Time since last request: 0.000023 seconds.
  path: Assets/WM_SciFi_Weapon1_Lite/Textures/WM_SF_Wp01_d_Albedo.png
  artifactKey: Guid(57a725930858f1f4e83025afab90f1b4) Importer(2089858483,0ecaa5967403d082aa24f35e1b516d23)
Start importing Assets/WM_SciFi_Weapon1_Lite/Textures/WM_SF_Wp01_d_Albedo.png using Guid(57a725930858f1f4e83025afab90f1b4) Importer(2089858483,0ecaa5967403d082aa24f35e1b516d23) Generated GUIDs only implemented for interfaces!
 -> (artifact id: '4bf8f68ac2fb36274a5d0284eab6cd8e') in 0.062733 seconds
Number of updated asset objects reloaded before import = 0
Number of asset objects unloaded after import = 1
========================================================================
Received Import Request.
  Time since last request: 0.000089 seconds.
  path: Assets/WM_SciFi_Weapon1_Lite/Textures/WM_SF_Wp01_h_Emission.png
  artifactKey: Guid(a92150a644349504787b74ddb3727ee4) Importer(2089858483,0ecaa5967403d082aa24f35e1b516d23)
Start importing Assets/WM_SciFi_Weapon1_Lite/Textures/WM_SF_Wp01_h_Emission.png using Guid(a92150a644349504787b74ddb3727ee4) Importer(2089858483,0ecaa5967403d082aa24f35e1b516d23) Generated GUIDs only implemented for interfaces!
 -> (artifact id: '4ec78768ed8034dff0f0f2a782974c8c') in 0.031467 seconds
Number of updated asset objects reloaded before import = 0
Number of asset objects unloaded after import = 1
========================================================================
Received Import Request.
  Time since last request: 0.000033 seconds.
  path: Assets/WM_SciFi_Weapon1_Lite/Textures/WM_SF_Wp01_i_Albedo.png
  artifactKey: Guid(f2bc80205d887a4459927c59d250a365) Importer(2089858483,0ecaa5967403d082aa24f35e1b516d23)
Start importing Assets/WM_SciFi_Weapon1_Lite/Textures/WM_SF_Wp01_i_Albedo.png using Guid(f2bc80205d887a4459927c59d250a365) Importer(2089858483,0ecaa5967403d082aa24f35e1b516d23) Generated GUIDs only implemented for interfaces!
 -> (artifact id: '07efc60f7f9a8f4c5bb8746d3c3fa6f4') in 0.030881 seconds
Number of updated asset objects reloaded before import = 0
Number of asset objects unloaded after import = 1
========================================================================
Received Import Request.
  Time since last request: 0.000020 seconds.
  path: Assets/WM_SciFi_Weapon1_Lite/Textures/WM_SF_Wp01_l_Emission.png
  artifactKey: Guid(8526bc52aa42872478ebdc21f322f219) Importer(2089858483,0ecaa5967403d082aa24f35e1b516d23)
Start importing Assets/WM_SciFi_Weapon1_Lite/Textures/WM_SF_Wp01_l_Emission.png using Guid(8526bc52aa42872478ebdc21f322f219) Importer(2089858483,0ecaa5967403d082aa24f35e1b516d23) Generated GUIDs only implemented for interfaces!
 -> (artifact id: '49095fe618e700ab057115bd8a6ec634') in 0.023865 seconds
Number of updated asset objects reloaded before import = 0
Number of asset objects unloaded after import = 1
========================================================================
Received Import Request.
  Time since last request: 0.000022 seconds.
  path: Assets/WM_SciFi_Weapon1_Lite/Textures/WM_SF_Wp01_j_Emission.png
  artifactKey: Guid(a2655b4a55716c54583fa8048c09a689) Importer(2089858483,0ecaa5967403d082aa24f35e1b516d23)
Start importing Assets/WM_SciFi_Weapon1_Lite/Textures/WM_SF_Wp01_j_Emission.png using Guid(a2655b4a55716c54583fa8048c09a689) Importer(2089858483,0ecaa5967403d082aa24f35e1b516d23) Generated GUIDs only implemented for interfaces!
 -> (artifact id: '7963800a458117ddac988159d561b62e') in 0.025026 seconds
Number of updated asset objects reloaded before import = 0
Number of asset objects unloaded after import = 1
========================================================================
Received Import Request.
  Time since last request: 0.000017 seconds.
  path: Assets/WM_SciFi_Weapon1_Lite
  artifactKey: Guid(c13bc8de065867a4a86c2bf246b1570a) Importer(2089858483,0ecaa5967403d082aa24f35e1b516d23)
Start importing Assets/WM_SciFi_Weapon1_Lite using Guid(c13bc8de065867a4a86c2bf246b1570a) Importer(2089858483,0ecaa5967403d082aa24f35e1b516d23) Generated GUIDs only implemented for interfaces!
 -> (artifact id: 'd2d2cbec0daeeb6cad22f14bf3c910bf') in 0.010170 seconds
Number of updated asset objects reloaded before import = 0
Number of asset objects unloaded after import = 1
========================================================================
Received Import Request.
  Time since last request: 0.000025 seconds.
  path: Assets/WM_SciFi_Weapon1_Lite/Textures/WM_SF_Wp01_d_Metallic.png
  artifactKey: Guid(b69272ca7574ccb4593fe172612fa169) Importer(2089858483,0ecaa5967403d082aa24f35e1b516d23)
Start importing Assets/WM_SciFi_Weapon1_Lite/Textures/WM_SF_Wp01_d_Metallic.png using Guid(b69272ca7574ccb4593fe172612fa169) Importer(2089858483,0ecaa5967403d082aa24f35e1b516d23) Generated GUIDs only implemented for interfaces!
 -> (artifact id: '48be9e3c6fc090303e07b03555ca3ac0') in 0.022593 seconds
Number of updated asset objects reloaded before import = 0
Number of asset objects unloaded after import = 1
========================================================================
Received Import Request.
  Time since last request: 0.000016 seconds.
  path: Assets/WM_SciFi_Weapon1_Lite/Materials/M_WM_SF_Wp01_a.mat
  artifactKey: Guid(8e3f8a8347b3b28438c89f57b6f528e9) Importer(2089858483,0ecaa5967403d082aa24f35e1b516d23)
Start importing Assets/WM_SciFi_Weapon1_Lite/Materials/M_WM_SF_Wp01_a.mat using Guid(8e3f8a8347b3b28438c89f57b6f528e9) Importer(2089858483,0ecaa5967403d082aa24f35e1b516d23) Generated GUIDs only implemented for interfaces!
 -> (artifact id: '51238449eb9b1d96748778b8c7e2b12e') in 0.017501 seconds
Number of updated asset objects reloaded before import = 0
Number of asset objects unloaded after import = 6
========================================================================
Received Import Request.
  Time since last request: 0.000016 seconds.
  path: Assets/WM_SciFi_Weapon1_Lite/Textures/WM_SF_Wp01_a_Normal.png
  artifactKey: Guid(45f74b5ad41b44b4b948fde039be400f) Importer(2089858483,0ecaa5967403d082aa24f35e1b516d23)
Start importing Assets/WM_SciFi_Weapon1_Lite/Textures/WM_SF_Wp01_a_Normal.png using Guid(45f74b5ad41b44b4b948fde039be400f) Importer(2089858483,0ecaa5967403d082aa24f35e1b516d23) Generated GUIDs only implemented for interfaces!
 -> (artifact id: 'c126aa37141df1740f4d650985125d59') in 0.026664 seconds
Number of updated asset objects reloaded before import = 0
Number of asset objects unloaded after import = 1
========================================================================
Received Import Request.
  Time since last request: 0.000040 seconds.
  path: Assets/WM_SciFi_Weapon1_Lite/Textures/WM_SF_Wp01_k_Albedo.png
  artifactKey: Guid(c05f412a759d4304e91da0e0b3976ce5) Importer(2089858483,0ecaa5967403d082aa24f35e1b516d23)
Start importing Assets/WM_SciFi_Weapon1_Lite/Textures/WM_SF_Wp01_k_Albedo.png using Guid(c05f412a759d4304e91da0e0b3976ce5) Importer(2089858483,0ecaa5967403d082aa24f35e1b516d23) Generated GUIDs only implemented for interfaces!
 -> (artifact id: 'a1d8ed09a32eeefb49ea4621a019b512') in 0.023300 seconds
Number of updated asset objects reloaded before import = 0
Number of asset objects unloaded after import = 1
========================================================================
Received Import Request.
  Time since last request: 0.000022 seconds.
  path: Assets/WM_SciFi_Weapon1_Lite/Textures/WM_SF_Wp01_c_Emission.png
  artifactKey: Guid(63f1c9676e64d0e43ac8153dddfe1817) Importer(2089858483,0ecaa5967403d082aa24f35e1b516d23)
Start importing Assets/WM_SciFi_Weapon1_Lite/Textures/WM_SF_Wp01_c_Emission.png using Guid(63f1c9676e64d0e43ac8153dddfe1817) Importer(2089858483,0ecaa5967403d082aa24f35e1b516d23) Generated GUIDs only implemented for interfaces!
 -> (artifact id: '4e52b62f4698432438923fdcf8ac7b15') in 0.025159 seconds
Number of updated asset objects reloaded before import = 0
Number of asset objects unloaded after import = 1
========================================================================
Received Import Request.
  Time since last request: 0.000236 seconds.
  path: Assets/WM_SciFi_Weapon1_Lite/Textures/WM_SF_Wp01_a_Metallic.png
  artifactKey: Guid(f5c167f8ccbfbf849b1a0d617618a4ba) Importer(2089858483,0ecaa5967403d082aa24f35e1b516d23)
Start importing Assets/WM_SciFi_Weapon1_Lite/Textures/WM_SF_Wp01_a_Metallic.png using Guid(f5c167f8ccbfbf849b1a0d617618a4ba) Importer(2089858483,0ecaa5967403d082aa24f35e1b516d23) Generated GUIDs only implemented for interfaces!
 -> (artifact id: 'f66cc2649b9dfff527e13abdfda21da3') in 0.026934 seconds
Number of updated asset objects reloaded before import = 0
Number of asset objects unloaded after import = 1
========================================================================
Received Import Request.
  Time since last request: 0.000018 seconds.
  path: Assets/WM_SciFi_Weapon1_Lite/Textures/WM_SF_Wp01_c_Metallic.png
  artifactKey: Guid(8546e3d3c3a7cda4da80493fdebdcf06) Importer(2089858483,0ecaa5967403d082aa24f35e1b516d23)
Start importing Assets/WM_SciFi_Weapon1_Lite/Textures/WM_SF_Wp01_c_Metallic.png using Guid(8546e3d3c3a7cda4da80493fdebdcf06) Importer(2089858483,0ecaa5967403d082aa24f35e1b516d23) Generated GUIDs only implemented for interfaces!
 -> (artifact id: '3fe40bcfa06bd5758561b4701f206d79') in 0.025720 seconds
Number of updated asset objects reloaded before import = 0
Number of asset objects unloaded after import = 1
========================================================================
Received Import Request.
  Time since last request: 0.000021 seconds.
  path: Assets/WM_SciFi_Weapon1_Lite/Textures/WM_SF_Wp01_f_Normal.png
  artifactKey: Guid(d7de430256227de47989d73ce3478182) Importer(2089858483,0ecaa5967403d082aa24f35e1b516d23)
Start importing Assets/WM_SciFi_Weapon1_Lite/Textures/WM_SF_Wp01_f_Normal.png using Guid(d7de430256227de47989d73ce3478182) Importer(2089858483,0ecaa5967403d082aa24f35e1b516d23) Generated GUIDs only implemented for interfaces!
 -> (artifact id: '24e25dfabc51477bd8d99241e69eaa2f') in 0.023849 seconds
Number of updated asset objects reloaded before import = 0
Number of asset objects unloaded after import = 1
========================================================================
Received Import Request.
  Time since last request: 0.000016 seconds.
  path: Assets/WM_SciFi_Weapon1_Lite/Meshes
  artifactKey: Guid(0a11ef5474d27a949924db7a5d5d1991) Importer(2089858483,0ecaa5967403d082aa24f35e1b516d23)
Start importing Assets/WM_SciFi_Weapon1_Lite/Meshes using Guid(0a11ef5474d27a949924db7a5d5d1991) Importer(2089858483,0ecaa5967403d082aa24f35e1b516d23) Generated GUIDs only implemented for interfaces!
 -> (artifact id: '4c8b13a5113f22a763e06c09c2983930') in 0.010149 seconds
Number of updated asset objects reloaded before import = 0
Number of asset objects unloaded after import = 1
========================================================================
Received Import Request.
  Time since last request: 0.000033 seconds.
  path: Assets/WM_SciFi_Weapon1_Lite/Materials/M_WM_SF_Wp01_b.mat
  artifactKey: Guid(2e200267462ffd04bb3d44a6034b3c2b) Importer(2089858483,0ecaa5967403d082aa24f35e1b516d23)
Start importing Assets/WM_SciFi_Weapon1_Lite/Materials/M_WM_SF_Wp01_b.mat using Guid(2e200267462ffd04bb3d44a6034b3c2b) Importer(2089858483,0ecaa5967403d082aa24f35e1b516d23) Generated GUIDs only implemented for interfaces!
 -> (artifact id: '8d263dac8e7d20ab1bfe2d8336e7d572') in 0.017463 seconds
Number of updated asset objects reloaded before import = 0
Number of asset objects unloaded after import = 6
========================================================================
Received Import Request.
  Time since last request: 0.000021 seconds.
  path: Assets/WM_SciFi_Weapon1_Lite/Materials/M_WM_SF_Wp01_f.mat
  artifactKey: Guid(5efee9a7dd68cec4bb5cecdd349c9bc5) Importer(2089858483,0ecaa5967403d082aa24f35e1b516d23)
Start importing Assets/WM_SciFi_Weapon1_Lite/Materials/M_WM_SF_Wp01_f.mat using Guid(5efee9a7dd68cec4bb5cecdd349c9bc5) Importer(2089858483,0ecaa5967403d082aa24f35e1b516d23) Generated GUIDs only implemented for interfaces!
 -> (artifact id: 'a9ef58564d8c33211ac91ef181bbd6ea') in 0.019170 seconds
Number of updated asset objects reloaded before import = 0
Number of asset objects unloaded after import = 6
========================================================================
Received Import Request.
  Time since last request: 0.000038 seconds.
  path: Assets/WM_SciFi_Weapon1_Lite/Perfabs
  artifactKey: Guid(005dc02a9eb728c42932f595d8446f8c) Importer(2089858483,0ecaa5967403d082aa24f35e1b516d23)
Start importing Assets/WM_SciFi_Weapon1_Lite/Perfabs using Guid(005dc02a9eb728c42932f595d8446f8c) Importer(2089858483,0ecaa5967403d082aa24f35e1b516d23) Generated GUIDs only implemented for interfaces!
 -> (artifact id: '83d6721bedeaaf6587c4add16212ee89') in 0.009214 seconds
Number of updated asset objects reloaded before import = 0
Number of asset objects unloaded after import = 1
========================================================================
Received Import Request.
  Time since last request: 0.000015 seconds.
  path: Assets/WM_SciFi_Weapon1_Lite/Demo
  artifactKey: Guid(6110e045867719742beb72c93af33b04) Importer(2089858483,0ecaa5967403d082aa24f35e1b516d23)
Start importing Assets/WM_SciFi_Weapon1_Lite/Demo using Guid(6110e045867719742beb72c93af33b04) Importer(2089858483,0ecaa5967403d082aa24f35e1b516d23) Generated GUIDs only implemented for interfaces!
 -> (artifact id: 'c0acb64514b7b450d35207313b7f3675') in 0.010093 seconds
Number of updated asset objects reloaded before import = 0
Number of asset objects unloaded after import = 1
========================================================================
Received Import Request.
  Time since last request: 0.000021 seconds.
  path: Assets/WM_SciFi_Weapon1_Lite/Textures/WM_SF_Wp01_b_Albedo.png
  artifactKey: Guid(067abfa45e3bf6a43aca4ab1dd56a431) Importer(2089858483,0ecaa5967403d082aa24f35e1b516d23)
Start importing Assets/WM_SciFi_Weapon1_Lite/Textures/WM_SF_Wp01_b_Albedo.png using Guid(067abfa45e3bf6a43aca4ab1dd56a431) Importer(2089858483,0ecaa5967403d082aa24f35e1b516d23) Generated GUIDs only implemented for interfaces!
 -> (artifact id: '007f99683e882c60f156594e45cce27f') in 0.023788 seconds
Number of updated asset objects reloaded before import = 0
Number of asset objects unloaded after import = 1
========================================================================
Received Import Request.
  Time since last request: 0.000020 seconds.
  path: Assets/WM_SciFi_Weapon1_Lite/Perfabs/WM_SF_Wp01_b.prefab
  artifactKey: Guid(bb25081ffdd68f44395f184002d15cc0) Importer(2089858483,0ecaa5967403d082aa24f35e1b516d23)
Start importing Assets/WM_SciFi_Weapon1_Lite/Perfabs/WM_SF_Wp01_b.prefab using Guid(bb25081ffdd68f44395f184002d15cc0) Importer(2089858483,0ecaa5967403d082aa24f35e1b516d23) Generated GUIDs only implemented for interfaces!
 -> (artifact id: 'd80cba5cfad91776cf1f7cecef051669') in 0.011267 seconds
Number of updated asset objects reloaded before import = 0
Number of asset objects unloaded after import = 9
========================================================================
Received Import Request.
  Time since last request: 0.000020 seconds.
  path: Assets/WM_SciFi_Weapon1_Lite/Demo/DEMO1Settings.lighting
  artifactKey: Guid(f0d66dc7d10f24e4a82482ac105685a5) Importer(2089858483,0ecaa5967403d082aa24f35e1b516d23)
Start importing Assets/WM_SciFi_Weapon1_Lite/Demo/DEMO1Settings.lighting using Guid(f0d66dc7d10f24e4a82482ac105685a5) Importer(2089858483,0ecaa5967403d082aa24f35e1b516d23) LightingSettings: switching bake backend from 1 to 0.
Generated GUIDs only implemented for interfaces!
 -> (artifact id: '1a138ac6edc5c3be141d0de7b865b28e') in 0.062840 seconds
Number of updated asset objects reloaded before import = 0
Number of asset objects unloaded after import = 1
========================================================================
Received Import Request.
  Time since last request: 0.000023 seconds.
  path: Assets/WM_SciFi_Weapon1_Lite/Textures/WM_SF_Wp01_d_Emission.png
  artifactKey: Guid(458a0a7866aa0a34a9f4aaac34f31156) Importer(2089858483,0ecaa5967403d082aa24f35e1b516d23)
Start importing Assets/WM_SciFi_Weapon1_Lite/Textures/WM_SF_Wp01_d_Emission.png using Guid(458a0a7866aa0a34a9f4aaac34f31156) Importer(2089858483,0ecaa5967403d082aa24f35e1b516d23) Generated GUIDs only implemented for interfaces!
 -> (artifact id: 'eea3915a615f159a359eb7770a4c5f1c') in 0.039459 seconds
Number of updated asset objects reloaded before import = 0
Number of asset objects unloaded after import = 1
========================================================================
Received Import Request.
  Time since last request: 0.000044 seconds.
  path: Assets/WM_SciFi_Weapon1_Lite/Textures/WM_SF_Wp01_i_Metallic.png
  artifactKey: Guid(65f1d12612c2dcc4f863d746060d6372) Importer(2089858483,0ecaa5967403d082aa24f35e1b516d23)
Start importing Assets/WM_SciFi_Weapon1_Lite/Textures/WM_SF_Wp01_i_Metallic.png using Guid(65f1d12612c2dcc4f863d746060d6372) Importer(2089858483,0ecaa5967403d082aa24f35e1b516d23) Generated GUIDs only implemented for interfaces!
 -> (artifact id: '590cfbff0bd3426d63a01cf4a759b35f') in 0.033001 seconds
Number of updated asset objects reloaded before import = 0
Number of asset objects unloaded after import = 1
========================================================================
Received Import Request.
  Time since last request: 0.000017 seconds.
  path: Assets/WM_SciFi_Weapon1_Lite/Textures/WM_SF_Wp01_f_Albedo.png
  artifactKey: Guid(ba34c0b3cee1c124e8cd85299bb40316) Importer(2089858483,0ecaa5967403d082aa24f35e1b516d23)
Start importing Assets/WM_SciFi_Weapon1_Lite/Textures/WM_SF_Wp01_f_Albedo.png using Guid(ba34c0b3cee1c124e8cd85299bb40316) Importer(2089858483,0ecaa5967403d082aa24f35e1b516d23) Generated GUIDs only implemented for interfaces!
 -> (artifact id: '4515cac4adea459ce66f0b2ec9e8f495') in 0.027636 seconds
Number of updated asset objects reloaded before import = 0
Number of asset objects unloaded after import = 1
========================================================================
Received Import Request.
  Time since last request: 12.650548 seconds.
  path: Assets/WM_SciFi_Weapon1_Lite/Materials/M_WM_SF_Wp01_a.mat
  artifactKey: Guid(8e3f8a8347b3b28438c89f57b6f528e9) Importer(815301076,1909f56bfc062723c751e8b465ee728b)
Start importing Assets/WM_SciFi_Weapon1_Lite/Materials/M_WM_SF_Wp01_a.mat using Guid(8e3f8a8347b3b28438c89f57b6f528e9) Importer(815301076,1909f56bfc062723c751e8b465ee728b)  -> (artifact id: 'b1f8f8994e581a87a2c9c1d05d84b0e4') in 0.297934 seconds
Number of updated asset objects reloaded before import = 0
Number of asset objects unloaded after import = 6
========================================================================
Received Import Request.
  Time since last request: 0.000044 seconds.
  path: Assets/WM_SciFi_Weapon1_Lite/Materials/M_WM_SF_Wp01_j.mat
  artifactKey: Guid(d1bda0ffc4b90c249baa418e092ddff6) Importer(815301076,1909f56bfc062723c751e8b465ee728b)
Start importing Assets/WM_SciFi_Weapon1_Lite/Materials/M_WM_SF_Wp01_j.mat using Guid(d1bda0ffc4b90c249baa418e092ddff6) Importer(815301076,1909f56bfc062723c751e8b465ee728b)  -> (artifact id: 'a939c1490aa0a1bc70e3a17e6c8fa0bd') in 0.017294 seconds
Number of updated asset objects reloaded before import = 0
Number of asset objects unloaded after import = 6
========================================================================
Received Import Request.
  Time since last request: 0.000043 seconds.
  path: Assets/WM_SciFi_Weapon1_Lite/Materials/M_WM_SF_Wp01_l.mat
  artifactKey: Guid(210d9d0e5b6f020418eb8344598d648f) Importer(815301076,1909f56bfc062723c751e8b465ee728b)
Start importing Assets/WM_SciFi_Weapon1_Lite/Materials/M_WM_SF_Wp01_l.mat using Guid(210d9d0e5b6f020418eb8344598d648f) Importer(815301076,1909f56bfc062723c751e8b465ee728b)  -> (artifact id: 'ff86805124ff511a390bbd4283e98e87') in 0.019384 seconds
Number of updated asset objects reloaded before import = 0
Number of asset objects unloaded after import = 6
========================================================================
Received Import Request.
  Time since last request: 0.000017 seconds.
  path: Assets/WM_SciFi_Weapon1_Lite/Materials/M_WM_SF_Wp01_e.mat
  artifactKey: Guid(9a46162dc2337ce4d8db0597d03d23e7) Importer(815301076,1909f56bfc062723c751e8b465ee728b)
Start importing Assets/WM_SciFi_Weapon1_Lite/Materials/M_WM_SF_Wp01_e.mat using Guid(9a46162dc2337ce4d8db0597d03d23e7) Importer(815301076,1909f56bfc062723c751e8b465ee728b)  -> (artifact id: '65933140e5ab69844eaf22b4a5e6600f') in 0.019732 seconds
Number of updated asset objects reloaded before import = 0
Number of asset objects unloaded after import = 6
========================================================================
Received Import Request.
  Time since last request: 0.000027 seconds.
  path: Assets/WM_SciFi_Weapon1_Lite/Materials/M_WM_SF_Wp01_i.mat
  artifactKey: Guid(833152474286293458de0953fed80e41) Importer(815301076,1909f56bfc062723c751e8b465ee728b)
Start importing Assets/WM_SciFi_Weapon1_Lite/Materials/M_WM_SF_Wp01_i.mat using Guid(833152474286293458de0953fed80e41) Importer(815301076,1909f56bfc062723c751e8b465ee728b)  -> (artifact id: '7c56d9abd0239658dc7018adb52ce26d') in 0.022568 seconds
Number of updated asset objects reloaded before import = 0
Number of asset objects unloaded after import = 6
========================================================================
Received Import Request.
  Time since last request: 3.328183 seconds.
  path: Assets/WM_SciFi_Weapon1_Lite/Perfabs/WM_SF_Wp01_b.prefab
  artifactKey: Guid(bb25081ffdd68f44395f184002d15cc0) Importer(815301076,1909f56bfc062723c751e8b465ee728b)
Start importing Assets/WM_SciFi_Weapon1_Lite/Perfabs/WM_SF_Wp01_b.prefab using Guid(bb25081ffdd68f44395f184002d15cc0) Importer(815301076,1909f56bfc062723c751e8b465ee728b)  -> (artifact id: 'f873a010fc7e6a3715925936741266c2') in 0.030444 seconds
Number of updated asset objects reloaded before import = 0
Number of asset objects unloaded after import = 15
========================================================================
Received Import Request.
  Time since last request: 0.000017 seconds.
  path: Assets/WM_SciFi_Weapon1_Lite/Perfabs/WM_SF_Wp01_j.prefab
  artifactKey: Guid(d11ebc4ff4ee1a1429a653d4e73985d0) Importer(815301076,1909f56bfc062723c751e8b465ee728b)
Start importing Assets/WM_SciFi_Weapon1_Lite/Perfabs/WM_SF_Wp01_j.prefab using Guid(d11ebc4ff4ee1a1429a653d4e73985d0) Importer(815301076,1909f56bfc062723c751e8b465ee728b)  -> (artifact id: '2f809c504c6b3fbad6a6559bfb97a9e3') in 0.021730 seconds
Number of updated asset objects reloaded before import = 0
Number of asset objects unloaded after import = 15
========================================================================
Received Import Request.
  Time since last request: 0.000040 seconds.
  path: Assets/WM_SciFi_Weapon1_Lite/Perfabs/WM_SF_Wp01_e.prefab
  artifactKey: Guid(9fecd9daf8366044a923861dc0b935f8) Importer(815301076,1909f56bfc062723c751e8b465ee728b)
Start importing Assets/WM_SciFi_Weapon1_Lite/Perfabs/WM_SF_Wp01_e.prefab using Guid(9fecd9daf8366044a923861dc0b935f8) Importer(815301076,1909f56bfc062723c751e8b465ee728b)  -> (artifact id: 'd86cc2f3ea3226f72507ab4fdedfb5b8') in 0.019645 seconds
Number of updated asset objects reloaded before import = 0
Number of asset objects unloaded after import = 15
========================================================================
Received Import Request.
  Time since last request: 0.000014 seconds.
  path: Assets/WM_SciFi_Weapon1_Lite/Perfabs/WM_SF_Wp01_d.prefab
  artifactKey: Guid(3694fadb841d6f64fb47ec79edded401) Importer(815301076,1909f56bfc062723c751e8b465ee728b)
Start importing Assets/WM_SciFi_Weapon1_Lite/Perfabs/WM_SF_Wp01_d.prefab using Guid(3694fadb841d6f64fb47ec79edded401) Importer(815301076,1909f56bfc062723c751e8b465ee728b)  -> (artifact id: 'f4d2667f2696f2d1774ddebaea8a688c') in 0.016595 seconds
Number of updated asset objects reloaded before import = 0
Number of asset objects unloaded after import = 15
========================================================================
Received Import Request.
  Time since last request: 2.277240 seconds.
  path: Assets/WM_SciFi_Weapon1_Lite/Textures/WM_SF_Wp01_a_Albedo.png
  artifactKey: Guid(3be6e60be711ee44a8574ec5c7174c59) Importer(815301076,1909f56bfc062723c751e8b465ee728b)
Start importing Assets/WM_SciFi_Weapon1_Lite/Textures/WM_SF_Wp01_a_Albedo.png using Guid(3be6e60be711ee44a8574ec5c7174c59) Importer(815301076,1909f56bfc062723c751e8b465ee728b)  -> (artifact id: 'c0f49b0f2c284954b5958aeb520d1f76') in 0.021297 seconds
Number of updated asset objects reloaded before import = 0
Number of asset objects unloaded after import = 2
========================================================================
Received Import Request.
  Time since last request: 0.000016 seconds.
  path: Assets/WM_SciFi_Weapon1_Lite/Textures/WM_SF_Wp01_a_Metallic.png
  artifactKey: Guid(f5c167f8ccbfbf849b1a0d617618a4ba) Importer(815301076,1909f56bfc062723c751e8b465ee728b)
Start importing Assets/WM_SciFi_Weapon1_Lite/Textures/WM_SF_Wp01_a_Metallic.png using Guid(f5c167f8ccbfbf849b1a0d617618a4ba) Importer(815301076,1909f56bfc062723c751e8b465ee728b)  -> (artifact id: 'ff220756ebffa54d2e5f964e9026c0ed') in 0.017653 seconds
Number of updated asset objects reloaded before import = 0
Number of asset objects unloaded after import = 2
========================================================================
Received Import Request.
  Time since last request: 0.000017 seconds.
  path: Assets/WM_SciFi_Weapon1_Lite/Textures/WM_SF_Wp01_e_Emission.png
  artifactKey: Guid(e7700d9e464c87141a0fdab14e9031ee) Importer(815301076,1909f56bfc062723c751e8b465ee728b)
Start importing Assets/WM_SciFi_Weapon1_Lite/Textures/WM_SF_Wp01_e_Emission.png using Guid(e7700d9e464c87141a0fdab14e9031ee) Importer(815301076,1909f56bfc062723c751e8b465ee728b)  -> (artifact id: 'b30caa51e3afd327d00d91945c0211f4') in 0.015196 seconds
Number of updated asset objects reloaded before import = 0
Number of asset objects unloaded after import = 2
========================================================================
Received Import Request.
  Time since last request: 0.000014 seconds.
  path: Assets/WM_SciFi_Weapon1_Lite/Textures/WM_SF_Wp01_d_Emission.png
  artifactKey: Guid(458a0a7866aa0a34a9f4aaac34f31156) Importer(815301076,1909f56bfc062723c751e8b465ee728b)
Start importing Assets/WM_SciFi_Weapon1_Lite/Textures/WM_SF_Wp01_d_Emission.png using Guid(458a0a7866aa0a34a9f4aaac34f31156) Importer(815301076,1909f56bfc062723c751e8b465ee728b)  -> (artifact id: '24c05cea4710b777ac33e741e57708f7') in 0.013481 seconds
Number of updated asset objects reloaded before import = 0
Number of asset objects unloaded after import = 2
========================================================================
Received Import Request.
  Time since last request: 0.000016 seconds.
  path: Assets/WM_SciFi_Weapon1_Lite/Textures/WM_SF_Wp01_k_Emission.png
  artifactKey: Guid(e1b4c76754b19984daf49f4424981fb2) Importer(815301076,1909f56bfc062723c751e8b465ee728b)
Start importing Assets/WM_SciFi_Weapon1_Lite/Textures/WM_SF_Wp01_k_Emission.png using Guid(e1b4c76754b19984daf49f4424981fb2) Importer(815301076,1909f56bfc062723c751e8b465ee728b)  -> (artifact id: '83d1a145af5b5c07b7e2e37c1fb1f542') in 0.015814 seconds
Number of updated asset objects reloaded before import = 0
Number of asset objects unloaded after import = 2
========================================================================
Received Import Request.
  Time since last request: 0.000021 seconds.
  path: Assets/WM_SciFi_Weapon1_Lite/Textures/WM_SF_Wp01_l_Emission.png
  artifactKey: Guid(8526bc52aa42872478ebdc21f322f219) Importer(815301076,1909f56bfc062723c751e8b465ee728b)
Start importing Assets/WM_SciFi_Weapon1_Lite/Textures/WM_SF_Wp01_l_Emission.png using Guid(8526bc52aa42872478ebdc21f322f219) Importer(815301076,1909f56bfc062723c751e8b465ee728b)  -> (artifact id: 'f6200439b147bd738b7af80fc970c325') in 0.015747 seconds
Number of updated asset objects reloaded before import = 0
Number of asset objects unloaded after import = 2
========================================================================
Received Import Request.
  Time since last request: 0.000028 seconds.
  path: Assets/WM_SciFi_Weapon1_Lite/Textures/WM_SF_Wp01_k_Albedo.png
  artifactKey: Guid(c05f412a759d4304e91da0e0b3976ce5) Importer(815301076,1909f56bfc062723c751e8b465ee728b)
Start importing Assets/WM_SciFi_Weapon1_Lite/Textures/WM_SF_Wp01_k_Albedo.png using Guid(c05f412a759d4304e91da0e0b3976ce5) Importer(815301076,1909f56bfc062723c751e8b465ee728b)  -> (artifact id: 'b11be03268e51aa7a3228928373ab222') in 0.016134 seconds
Number of updated asset objects reloaded before import = 0
Number of asset objects unloaded after import = 2
========================================================================
Received Import Request.
  Time since last request: 0.000028 seconds.
  path: Assets/WM_SciFi_Weapon1_Lite/Textures/WM_SF_Wp01_c_Albedo.png
  artifactKey: Guid(32d957f528effa44fbdc35cb154cb33f) Importer(815301076,1909f56bfc062723c751e8b465ee728b)
Start importing Assets/WM_SciFi_Weapon1_Lite/Textures/WM_SF_Wp01_c_Albedo.png using Guid(32d957f528effa44fbdc35cb154cb33f) Importer(815301076,1909f56bfc062723c751e8b465ee728b)  -> (artifact id: '6a2c7c9232701f3d9babe85bcf7c13e3') in 0.016976 seconds
Number of updated asset objects reloaded before import = 0
Number of asset objects unloaded after import = 2
========================================================================
Received Import Request.
  Time since last request: 0.000017 seconds.
  path: Assets/WM_SciFi_Weapon1_Lite/Textures/WM_SF_Wp01_f_Albedo.png
  artifactKey: Guid(ba34c0b3cee1c124e8cd85299bb40316) Importer(815301076,1909f56bfc062723c751e8b465ee728b)
Start importing Assets/WM_SciFi_Weapon1_Lite/Textures/WM_SF_Wp01_f_Albedo.png using Guid(ba34c0b3cee1c124e8cd85299bb40316) Importer(815301076,1909f56bfc062723c751e8b465ee728b)  -> (artifact id: 'b801054f2313a6b74ec1561cdd271f48') in 0.017322 seconds
Number of updated asset objects reloaded before import = 0
Number of asset objects unloaded after import = 2
========================================================================
Received Import Request.
  Time since last request: 0.000017 seconds.
  path: Assets/WM_SciFi_Weapon1_Lite/Textures/WM_SF_Wp01_f_Emission.png
  artifactKey: Guid(6c4ef79b4da961c428d613aaba89525b) Importer(815301076,1909f56bfc062723c751e8b465ee728b)
Start importing Assets/WM_SciFi_Weapon1_Lite/Textures/WM_SF_Wp01_f_Emission.png using Guid(6c4ef79b4da961c428d613aaba89525b) Importer(815301076,1909f56bfc062723c751e8b465ee728b)  -> (artifact id: '890e606f7f3605b4752ce37d946654f7') in 0.019480 seconds
Number of updated asset objects reloaded before import = 0
Number of asset objects unloaded after import = 2
========================================================================
Received Import Request.
  Time since last request: 0.000020 seconds.
  path: Assets/WM_SciFi_Weapon1_Lite/Textures/WM_SF_Wp01_g_Metallic.png
  artifactKey: Guid(6c4de6b44bbfdb54bbf28ff85a4c7e3f) Importer(815301076,1909f56bfc062723c751e8b465ee728b)
Start importing Assets/WM_SciFi_Weapon1_Lite/Textures/WM_SF_Wp01_g_Metallic.png using Guid(6c4de6b44bbfdb54bbf28ff85a4c7e3f) Importer(815301076,1909f56bfc062723c751e8b465ee728b)  -> (artifact id: '5f6fd327aa363e194a77884815c5c018') in 0.018341 seconds
Number of updated asset objects reloaded before import = 0
Number of asset objects unloaded after import = 2
========================================================================
Received Import Request.
  Time since last request: 0.000016 seconds.
  path: Assets/WM_SciFi_Weapon1_Lite/Textures/WM_SF_Wp01_f_Normal.png
  artifactKey: Guid(d7de430256227de47989d73ce3478182) Importer(815301076,1909f56bfc062723c751e8b465ee728b)
Start importing Assets/WM_SciFi_Weapon1_Lite/Textures/WM_SF_Wp01_f_Normal.png using Guid(d7de430256227de47989d73ce3478182) Importer(815301076,1909f56bfc062723c751e8b465ee728b)  -> (artifact id: '1f2cba267bcd7ff599140355cb71cf14') in 0.022704 seconds
Number of updated asset objects reloaded before import = 0
Number of asset objects unloaded after import = 2
========================================================================
Received Import Request.
  Time since last request: 0.000023 seconds.
  path: Assets/WM_SciFi_Weapon1_Lite/Textures/WM_SF_Wp01_d_Metallic.png
  artifactKey: Guid(b69272ca7574ccb4593fe172612fa169) Importer(815301076,1909f56bfc062723c751e8b465ee728b)
Start importing Assets/WM_SciFi_Weapon1_Lite/Textures/WM_SF_Wp01_d_Metallic.png using Guid(b69272ca7574ccb4593fe172612fa169) Importer(815301076,1909f56bfc062723c751e8b465ee728b)  -> (artifact id: '72bd3c3db5cb99d09178d6e62f608f71') in 0.017587 seconds
Number of updated asset objects reloaded before import = 0
Number of asset objects unloaded after import = 2
========================================================================
Received Import Request.
  Time since last request: 0.000029 seconds.
  path: Assets/WM_SciFi_Weapon1_Lite/Textures/WM_SF_Wp01_g_Albedo.png
  artifactKey: Guid(141150e637d09b24d9b80117cd9b51b2) Importer(815301076,1909f56bfc062723c751e8b465ee728b)
Start importing Assets/WM_SciFi_Weapon1_Lite/Textures/WM_SF_Wp01_g_Albedo.png using Guid(141150e637d09b24d9b80117cd9b51b2) Importer(815301076,1909f56bfc062723c751e8b465ee728b)  -> (artifact id: 'c9803a32d33cc371c081cbf9912d918b') in 0.015925 seconds
Number of updated asset objects reloaded before import = 0
Number of asset objects unloaded after import = 2
========================================================================
Received Prepare
Begin MonoManager ReloadAssembly
- Loaded All Assemblies, in  0.464 seconds
Refreshing native plugins compatible for Editor in 2.29 ms, found 3 plugins.
Native extension for WindowsStandalone target not found
Native extension for WebGL target not found
[Package Manager] Server::EnsureServerProcessIsRunning -- launch failed, reason: Unity was launched with the -noUpm command-line argument
[Package Manager] UpmClient::Send -- Unable to send message (not connected to UPM process).
[Package Manager] Cannot connect to Unity Package Manager local server
Mono: successfully reloaded assembly
- Finished resetting the current domain, in  1.089 seconds
Domain Reload Profiling: 1552ms
	BeginReloadAssembly (156ms)
		ExecutionOrderSort (0ms)
		DisableScriptedObjects (4ms)
		BackupInstance (0ms)
		ReleaseScriptingObjects (0ms)
		CreateAndSetChildDomain (52ms)
	RebuildCommonClasses (27ms)
	RebuildNativeTypeToScriptingClass (10ms)
	initialDomainReloadingComplete (29ms)
	LoadAllAssembliesAndSetupDomain (240ms)
		LoadAssemblies (303ms)
		RebuildTransferFunctionScriptingTraits (0ms)
		AnalyzeDomain (11ms)
			TypeCache.Refresh (6ms)
				TypeCache.ScanAssembly (0ms)
			ScanForSourceGeneratedMonoScriptInfo (0ms)
			ResolveRequiredComponents (3ms)
	FinalizeReload (1090ms)
		ReleaseScriptCaches (0ms)
		RebuildScriptCaches (0ms)
		SetupLoadedEditorAssemblies (648ms)
			LogAssemblyErrors (0ms)
			InitializePlatformSupportModulesInManaged (8ms)
			SetLoadedEditorAssemblies (7ms)
			RefreshPlugins (0ms)
			BeforeProcessingInitializeOnLoad (68ms)
			ProcessInitializeOnLoadAttributes (537ms)
			ProcessInitializeOnLoadMethodAttributes (22ms)
			AfterProcessingInitializeOnLoad (6ms)
			EditorAssembliesLoaded (0ms)
		ExecutionOrderSort2 (0ms)
		AwakeInstancesAfterBackupRestoration (8ms)
Refreshing native plugins compatible for Editor in 3.27 ms, found 3 plugins.
Preloading 0 native plugins for Editor in 0.00 ms.
Unloading 3082 Unused Serialized files (Serialized files now loaded: 0)
Unloading 23 unused Assets / (31.1 KB). Loaded Objects now: 3618.
Memory consumption went from 133.6 MB to 133.5 MB.
Total: 6.182200 ms (FindLiveObjects: 0.405800 ms CreateObjectMapping: 0.361500 ms MarkObjects: 5.350700 ms  DeleteObjects: 0.063100 ms)

Prepare: number of updated asset objects reloaded= 0
AssetImportParameters requested are different than current active one (requested -> active):
  custom:container-demuxer-ogg: 62fdf1f143b41e24485cea50d1cbac27 -> 
  custom:video-decoder-ogg-theora: a1e56fd34408186e4bbccfd4996cb3dc -> 
  custom:framework-win-MediaFoundation: 216162199b28c13a410421893ffa2e32 -> 
  custom:CustomObjectIndexerAttribute: 43b350a4d6e6d1791af0b5038c4bea17 -> 
  custom:container-demuxer-webm: 4f35f7cbe854078d1ac9338744f61a02 -> 
  custom:container-muxer-webm: aa71ff27fc2769a1b78a27578f13a17b -> 
  custom:video-decoder-webm-vp8: 9c59270c3fd7afecdb556c50c9e8de78 -> 
  custom:SearchIndexIgnoredProperties: e643bd26f0fe6173181afceb89e7c659 -> 
  custom:AudioImporter_EditorPlatform: d09bf68614088b80899f8185d706f6e7 -> 
  custom:video-encoder-webm-vp8: eb34c28f22e8b96e1ab97ce403110664 -> 
  custom:audio-decoder-ogg-vorbis: bf7c407c2cedff20999df2af8eb42d56 -> 
  custom:audio-encoder-webm-vorbis: bf7c407c2cedff20999df2af8eb42d56 -> 
========================================================================
Received Prepare
Begin MonoManager ReloadAssembly
- Loaded All Assemblies, in  0.423 seconds
Refreshing native plugins compatible for Editor in 2.81 ms, found 3 plugins.
Native extension for WindowsStandalone target not found
Native extension for WebGL target not found
[Package Manager] Server::EnsureServerProcessIsRunning -- launch failed, reason: Unity was launched with the -noUpm command-line argument
[Package Manager] UpmClient::Send -- Unable to send message (not connected to UPM process).
[Package Manager] Cannot connect to Unity Package Manager local server
Mono: successfully reloaded assembly
- Finished resetting the current domain, in  1.121 seconds
Domain Reload Profiling: 1543ms
	BeginReloadAssembly (152ms)
		ExecutionOrderSort (0ms)
		DisableScriptedObjects (5ms)
		BackupInstance (0ms)
		ReleaseScriptingObjects (0ms)
		CreateAndSetChildDomain (44ms)
	RebuildCommonClasses (28ms)
	RebuildNativeTypeToScriptingClass (9ms)
	initialDomainReloadingComplete (28ms)
	LoadAllAssembliesAndSetupDomain (206ms)
		LoadAssemblies (269ms)
		RebuildTransferFunctionScriptingTraits (0ms)
		AnalyzeDomain (11ms)
			TypeCache.Refresh (5ms)
				TypeCache.ScanAssembly (0ms)
			ScanForSourceGeneratedMonoScriptInfo (0ms)
			ResolveRequiredComponents (4ms)
	FinalizeReload (1122ms)
		ReleaseScriptCaches (0ms)
		RebuildScriptCaches (0ms)
		SetupLoadedEditorAssemblies (660ms)
			LogAssemblyErrors (0ms)
			InitializePlatformSupportModulesInManaged (8ms)
			SetLoadedEditorAssemblies (5ms)
			RefreshPlugins (0ms)
			BeforeProcessingInitializeOnLoad (75ms)
			ProcessInitializeOnLoadAttributes (540ms)
			ProcessInitializeOnLoadMethodAttributes (24ms)
			AfterProcessingInitializeOnLoad (7ms)
			EditorAssembliesLoaded (0ms)
		ExecutionOrderSort2 (0ms)
		AwakeInstancesAfterBackupRestoration (9ms)
Refreshing native plugins compatible for Editor in 2.83 ms, found 3 plugins.
Preloading 0 native plugins for Editor in 0.00 ms.
Unloading 3083 Unused Serialized files (Serialized files now loaded: 0)
Unloading 23 unused Assets / (31.0 KB). Loaded Objects now: 3621.
Memory consumption went from 135.8 MB to 135.7 MB.
Total: 5.928900 ms (FindLiveObjects: 0.434900 ms CreateObjectMapping: 0.271700 ms MarkObjects: 5.103700 ms  DeleteObjects: 0.116800 ms)

Prepare: number of updated asset objects reloaded= 0
AssetImportParameters requested are different than current active one (requested -> active):
  custom:container-demuxer-ogg: 62fdf1f143b41e24485cea50d1cbac27 -> 
  custom:video-decoder-ogg-theora: a1e56fd34408186e4bbccfd4996cb3dc -> 
  custom:framework-win-MediaFoundation: 216162199b28c13a410421893ffa2e32 -> 
  custom:CustomObjectIndexerAttribute: 43b350a4d6e6d1791af0b5038c4bea17 -> 
  custom:container-demuxer-webm: 4f35f7cbe854078d1ac9338744f61a02 -> 
  custom:container-muxer-webm: aa71ff27fc2769a1b78a27578f13a17b -> 
  custom:video-decoder-webm-vp8: 9c59270c3fd7afecdb556c50c9e8de78 -> 
  custom:SearchIndexIgnoredProperties: e643bd26f0fe6173181afceb89e7c659 -> 
  custom:AudioImporter_EditorPlatform: d09bf68614088b80899f8185d706f6e7 -> 
  custom:video-encoder-webm-vp8: eb34c28f22e8b96e1ab97ce403110664 -> 
  custom:audio-decoder-ogg-vorbis: bf7c407c2cedff20999df2af8eb42d56 -> 
  custom:audio-encoder-webm-vorbis: bf7c407c2cedff20999df2af8eb42d56 -> 
========================================================================
Received Prepare
Begin MonoManager ReloadAssembly
- Loaded All Assemblies, in  0.474 seconds
Refreshing native plugins compatible for Editor in 2.49 ms, found 3 plugins.
Native extension for WindowsStandalone target not found
Native extension for WebGL target not found
[Package Manager] Server::EnsureServerProcessIsRunning -- launch failed, reason: Unity was launched with the -noUpm command-line argument
[Package Manager] UpmClient::Send -- Unable to send message (not connected to UPM process).
[Package Manager] Cannot connect to Unity Package Manager local server
Mono: successfully reloaded assembly
- Finished resetting the current domain, in  1.189 seconds
Domain Reload Profiling: 1662ms
	BeginReloadAssembly (165ms)
		ExecutionOrderSort (0ms)
		DisableScriptedObjects (5ms)
		BackupInstance (0ms)
		ReleaseScriptingObjects (0ms)
		CreateAndSetChildDomain (48ms)
	RebuildCommonClasses (34ms)
	RebuildNativeTypeToScriptingClass (9ms)
	initialDomainReloadingComplete (24ms)
	LoadAllAssembliesAndSetupDomain (240ms)
		LoadAssemblies (307ms)
		RebuildTransferFunctionScriptingTraits (0ms)
		AnalyzeDomain (14ms)
			TypeCache.Refresh (6ms)
				TypeCache.ScanAssembly (0ms)
			ScanForSourceGeneratedMonoScriptInfo (0ms)
			ResolveRequiredComponents (5ms)
	FinalizeReload (1190ms)
		ReleaseScriptCaches (0ms)
		RebuildScriptCaches (0ms)
		SetupLoadedEditorAssemblies (720ms)
			LogAssemblyErrors (0ms)
			InitializePlatformSupportModulesInManaged (6ms)
			SetLoadedEditorAssemblies (6ms)
			RefreshPlugins (0ms)
			BeforeProcessingInitializeOnLoad (67ms)
			ProcessInitializeOnLoadAttributes (611ms)
			ProcessInitializeOnLoadMethodAttributes (26ms)
			AfterProcessingInitializeOnLoad (5ms)
			EditorAssembliesLoaded (0ms)
		ExecutionOrderSort2 (0ms)
		AwakeInstancesAfterBackupRestoration (9ms)
Refreshing native plugins compatible for Editor in 3.85 ms, found 3 plugins.
Preloading 0 native plugins for Editor in 0.00 ms.
Unloading 3083 Unused Serialized files (Serialized files now loaded: 0)
Unloading 23 unused Assets / (31.0 KB). Loaded Objects now: 3624.
Memory consumption went from 137.7 MB to 137.7 MB.
Total: 7.054800 ms (FindLiveObjects: 0.693300 ms CreateObjectMapping: 0.488400 ms MarkObjects: 5.778400 ms  DeleteObjects: 0.092900 ms)

Prepare: number of updated asset objects reloaded= 0
AssetImportParameters requested are different than current active one (requested -> active):
  custom:container-demuxer-ogg: 62fdf1f143b41e24485cea50d1cbac27 -> 
  custom:video-decoder-ogg-theora: a1e56fd34408186e4bbccfd4996cb3dc -> 
  custom:framework-win-MediaFoundation: 216162199b28c13a410421893ffa2e32 -> 
  custom:CustomObjectIndexerAttribute: 43b350a4d6e6d1791af0b5038c4bea17 -> 
  custom:container-demuxer-webm: 4f35f7cbe854078d1ac9338744f61a02 -> 
  custom:container-muxer-webm: aa71ff27fc2769a1b78a27578f13a17b -> 
  custom:video-decoder-webm-vp8: 9c59270c3fd7afecdb556c50c9e8de78 -> 
  custom:SearchIndexIgnoredProperties: e643bd26f0fe6173181afceb89e7c659 -> 
  custom:AudioImporter_EditorPlatform: d09bf68614088b80899f8185d706f6e7 -> 
  custom:video-encoder-webm-vp8: eb34c28f22e8b96e1ab97ce403110664 -> 
  custom:audio-decoder-ogg-vorbis: bf7c407c2cedff20999df2af8eb42d56 -> 
  custom:audio-encoder-webm-vorbis: bf7c407c2cedff20999df2af8eb42d56 -> 
========================================================================
Received Prepare
Begin MonoManager ReloadAssembly
- Loaded All Assemblies, in  0.412 seconds
Refreshing native plugins compatible for Editor in 2.42 ms, found 3 plugins.
Native extension for WindowsStandalone target not found
Native extension for WebGL target not found
[Package Manager] Server::EnsureServerProcessIsRunning -- launch failed, reason: Unity was launched with the -noUpm command-line argument
[Package Manager] UpmClient::Send -- Unable to send message (not connected to UPM process).
[Package Manager] Cannot connect to Unity Package Manager local server
Mono: successfully reloaded assembly
- Finished resetting the current domain, in  1.030 seconds
Domain Reload Profiling: 1440ms
	BeginReloadAssembly (157ms)
		ExecutionOrderSort (0ms)
		DisableScriptedObjects (5ms)
		BackupInstance (0ms)
		ReleaseScriptingObjects (0ms)
		CreateAndSetChildDomain (45ms)
	RebuildCommonClasses (35ms)
	RebuildNativeTypeToScriptingClass (10ms)
	initialDomainReloadingComplete (30ms)
	LoadAllAssembliesAndSetupDomain (178ms)
		LoadAssemblies (242ms)
		RebuildTransferFunctionScriptingTraits (0ms)
		AnalyzeDomain (11ms)
			TypeCache.Refresh (6ms)
				TypeCache.ScanAssembly (0ms)
			ScanForSourceGeneratedMonoScriptInfo (0ms)
			ResolveRequiredComponents (3ms)
	FinalizeReload (1031ms)
		ReleaseScriptCaches (0ms)
		RebuildScriptCaches (0ms)
		SetupLoadedEditorAssemblies (607ms)
			LogAssemblyErrors (0ms)
			InitializePlatformSupportModulesInManaged (7ms)
			SetLoadedEditorAssemblies (6ms)
			RefreshPlugins (0ms)
			BeforeProcessingInitializeOnLoad (60ms)
			ProcessInitializeOnLoadAttributes (503ms)
			ProcessInitializeOnLoadMethodAttributes (25ms)
			AfterProcessingInitializeOnLoad (7ms)
			EditorAssembliesLoaded (0ms)
		ExecutionOrderSort2 (0ms)
		AwakeInstancesAfterBackupRestoration (9ms)
Refreshing native plugins compatible for Editor in 2.76 ms, found 3 plugins.
Preloading 0 native plugins for Editor in 0.00 ms.
Unloading 3083 Unused Serialized files (Serialized files now loaded: 0)
Unloading 23 unused Assets / (31.1 KB). Loaded Objects now: 3627.
Memory consumption went from 139.6 MB to 139.6 MB.
Total: 6.612800 ms (FindLiveObjects: 0.527500 ms CreateObjectMapping: 0.276300 ms MarkObjects: 5.655800 ms  DeleteObjects: 0.151000 ms)

Prepare: number of updated asset objects reloaded= 0
AssetImportParameters requested are different than current active one (requested -> active):
  custom:container-demuxer-ogg: 62fdf1f143b41e24485cea50d1cbac27 -> 
  custom:video-decoder-ogg-theora: a1e56fd34408186e4bbccfd4996cb3dc -> 
  custom:framework-win-MediaFoundation: 216162199b28c13a410421893ffa2e32 -> 
  custom:CustomObjectIndexerAttribute: 43b350a4d6e6d1791af0b5038c4bea17 -> 
  custom:container-demuxer-webm: 4f35f7cbe854078d1ac9338744f61a02 -> 
  custom:container-muxer-webm: aa71ff27fc2769a1b78a27578f13a17b -> 
  custom:video-decoder-webm-vp8: 9c59270c3fd7afecdb556c50c9e8de78 -> 
  custom:SearchIndexIgnoredProperties: e643bd26f0fe6173181afceb89e7c659 -> 
  custom:AudioImporter_EditorPlatform: d09bf68614088b80899f8185d706f6e7 -> 
  custom:video-encoder-webm-vp8: eb34c28f22e8b96e1ab97ce403110664 -> 
  custom:audio-decoder-ogg-vorbis: bf7c407c2cedff20999df2af8eb42d56 -> 
  custom:audio-encoder-webm-vorbis: bf7c407c2cedff20999df2af8eb42d56 -> 
========================================================================
Received Prepare
Begin MonoManager ReloadAssembly
- Loaded All Assemblies, in  0.399 seconds
Refreshing native plugins compatible for Editor in 2.54 ms, found 3 plugins.
Native extension for WindowsStandalone target not found
Native extension for WebGL target not found
[Package Manager] Server::EnsureServerProcessIsRunning -- launch failed, reason: Unity was launched with the -noUpm command-line argument
[Package Manager] UpmClient::Send -- Unable to send message (not connected to UPM process).
[Package Manager] Cannot connect to Unity Package Manager local server
Mono: successfully reloaded assembly
- Finished resetting the current domain, in  1.048 seconds
Domain Reload Profiling: 1446ms
	BeginReloadAssembly (151ms)
		ExecutionOrderSort (0ms)
		DisableScriptedObjects (6ms)
		BackupInstance (0ms)
		ReleaseScriptingObjects (0ms)
		CreateAndSetChildDomain (43ms)
	RebuildCommonClasses (27ms)
	RebuildNativeTypeToScriptingClass (10ms)
	initialDomainReloadingComplete (26ms)
	LoadAllAssembliesAndSetupDomain (183ms)
		LoadAssemblies (240ms)
		RebuildTransferFunctionScriptingTraits (0ms)
		AnalyzeDomain (13ms)
			TypeCache.Refresh (8ms)
				TypeCache.ScanAssembly (0ms)
			ScanForSourceGeneratedMonoScriptInfo (0ms)
			ResolveRequiredComponents (3ms)
	FinalizeReload (1048ms)
		ReleaseScriptCaches (0ms)
		RebuildScriptCaches (0ms)
		SetupLoadedEditorAssemblies (602ms)
			LogAssemblyErrors (0ms)
			InitializePlatformSupportModulesInManaged (5ms)
			SetLoadedEditorAssemblies (5ms)
			RefreshPlugins (0ms)
			BeforeProcessingInitializeOnLoad (53ms)
			ProcessInitializeOnLoadAttributes (508ms)
			ProcessInitializeOnLoadMethodAttributes (23ms)
			AfterProcessingInitializeOnLoad (8ms)
			EditorAssembliesLoaded (0ms)
		ExecutionOrderSort2 (0ms)
		AwakeInstancesAfterBackupRestoration (11ms)
Refreshing native plugins compatible for Editor in 2.83 ms, found 3 plugins.
Preloading 0 native plugins for Editor in 0.00 ms.
Unloading 3083 Unused Serialized files (Serialized files now loaded: 0)
Unloading 23 unused Assets / (31.0 KB). Loaded Objects now: 3630.
Memory consumption went from 141.6 MB to 141.5 MB.
Total: 6.424500 ms (FindLiveObjects: 0.631000 ms CreateObjectMapping: 0.344300 ms MarkObjects: 5.298400 ms  DeleteObjects: 0.149400 ms)

Prepare: number of updated asset objects reloaded= 0
AssetImportParameters requested are different than current active one (requested -> active):
  custom:container-demuxer-ogg: 62fdf1f143b41e24485cea50d1cbac27 -> 
  custom:video-decoder-ogg-theora: a1e56fd34408186e4bbccfd4996cb3dc -> 
  custom:framework-win-MediaFoundation: 216162199b28c13a410421893ffa2e32 -> 
  custom:CustomObjectIndexerAttribute: 43b350a4d6e6d1791af0b5038c4bea17 -> 
  custom:container-demuxer-webm: 4f35f7cbe854078d1ac9338744f61a02 -> 
  custom:container-muxer-webm: aa71ff27fc2769a1b78a27578f13a17b -> 
  custom:video-decoder-webm-vp8: 9c59270c3fd7afecdb556c50c9e8de78 -> 
  custom:SearchIndexIgnoredProperties: e643bd26f0fe6173181afceb89e7c659 -> 
  custom:AudioImporter_EditorPlatform: d09bf68614088b80899f8185d706f6e7 -> 
  custom:video-encoder-webm-vp8: eb34c28f22e8b96e1ab97ce403110664 -> 
  custom:audio-decoder-ogg-vorbis: bf7c407c2cedff20999df2af8eb42d56 -> 
  custom:audio-encoder-webm-vorbis: bf7c407c2cedff20999df2af8eb42d56 -> 
