Using pre-set license
Built from '2022.3/staging' branch; Version is '2022.3.16f1 (d2c21f0ef2f1) revision 13812255'; Using compiler version '192829333'; Build Type 'Release'
OS: 'Windows 11  (10.0.22000) 64bit Professional' Language: 'es' Physical Memory: 15743 MB
BatchMode: 1, IsHumanControllingUs: 0, StartBugReporterOnCrash: 0, Is64bit: 1, IsPro: 1

COMMAND LINE ARGUMENTS:
C:\Program Files\Unity\Hub\Editor\2022.3.16f1\Editor\Unity.exe
-adb2
-batchMode
-noUpm
-name
AssetImportWorker2
-projectPath
C:/Users/User/Desktop/proectoVideojuegos/videojuegosPrueba2
-logFile
Logs/AssetImportWorker2.log
-srvPort
50062
Successfully changed project path to: C:/Users/User/Desktop/proectoVideojuegos/videojuegosPrueba2
C:/Users/User/Desktop/proectoVideojuegos/videojuegosPrueba2
[UnityMemory] Configuration Parameters - Can be set up in boot.config
    "memorysetup-bucket-allocator-granularity=16"
    "memorysetup-bucket-allocator-bucket-count=8"
    "memorysetup-bucket-allocator-block-size=33554432"
    "memorysetup-bucket-allocator-block-count=8"
    "memorysetup-main-allocator-block-size=16777216"
    "memorysetup-thread-allocator-block-size=16777216"
    "memorysetup-gfx-main-allocator-block-size=16777216"
    "memorysetup-gfx-thread-allocator-block-size=16777216"
    "memorysetup-cache-allocator-block-size=4194304"
    "memorysetup-typetree-allocator-block-size=2097152"
    "memorysetup-profiler-bucket-allocator-granularity=16"
    "memorysetup-profiler-bucket-allocator-bucket-count=8"
    "memorysetup-profiler-bucket-allocator-block-size=33554432"
    "memorysetup-profiler-bucket-allocator-block-count=8"
    "memorysetup-profiler-allocator-block-size=16777216"
    "memorysetup-profiler-editor-allocator-block-size=1048576"
    "memorysetup-temp-allocator-size-main=16777216"
    "memorysetup-job-temp-allocator-block-size=2097152"
    "memorysetup-job-temp-allocator-block-size-background=1048576"
    "memorysetup-job-temp-allocator-reduction-small-platforms=262144"
    "memorysetup-allocator-temp-initial-block-size-main=262144"
    "memorysetup-allocator-temp-initial-block-size-worker=262144"
    "memorysetup-temp-allocator-size-background-worker=32768"
    "memorysetup-temp-allocator-size-job-worker=262144"
    "memorysetup-temp-allocator-size-preload-manager=33554432"
    "memorysetup-temp-allocator-size-nav-mesh-worker=65536"
    "memorysetup-temp-allocator-size-audio-worker=65536"
    "memorysetup-temp-allocator-size-cloud-worker=32768"
    "memorysetup-temp-allocator-size-gi-baking-worker=262144"
    "memorysetup-temp-allocator-size-gfx=262144"
Player connection [4816] Host "[IP] 192.168.100.9 [Port] 0 [Flags] 2 [Guid] 3867274033 [EditorId] 3867274033 [Version] 1048832 [Id] WindowsEditor(7,Paulfriki55) [Debug] 1 [PackageName] WindowsEditor [ProjectName] Editor" joined multi-casting on [225.0.0.222:54997]...

Player connection [4816] Host "[IP] 192.168.100.9 [Port] 0 [Flags] 2 [Guid] 3867274033 [EditorId] 3867274033 [Version] 1048832 [Id] WindowsEditor(7,Paulfriki55) [Debug] 1 [PackageName] WindowsEditor [ProjectName] Editor" joined alternative multi-casting on [225.0.0.222:34997]...

[Physics::Module] Initialized MultithreadedJobDispatcher with 11 workers.
Refreshing native plugins compatible for Editor in 9.46 ms, found 3 plugins.
Preloading 0 native plugins for Editor in 0.00 ms.
Initialize engine version: 2022.3.16f1 (d2c21f0ef2f1)
[Subsystems] Discovering subsystems at path C:/Program Files/Unity/Hub/Editor/2022.3.16f1/Editor/Data/Resources/UnitySubsystems
[Subsystems] Discovering subsystems at path C:/Users/User/Desktop/proectoVideojuegos/videojuegosPrueba2/Assets
GfxDevice: creating device client; threaded=0; jobified=0
Direct3D:
    Version:  Direct3D 11.0 [level 11.1]
    Renderer: AMD Radeon(TM) Graphics (ID=0x1638)
    Vendor:   ATI
    VRAM:     7871 MB
    Driver:   31.0.12027.9001
Initialize mono
Mono path[0] = 'C:/Program Files/Unity/Hub/Editor/2022.3.16f1/Editor/Data/Managed'
Mono path[1] = 'C:/Program Files/Unity/Hub/Editor/2022.3.16f1/Editor/Data/MonoBleedingEdge/lib/mono/unityjit-win32'
Mono config path = 'C:/Program Files/Unity/Hub/Editor/2022.3.16f1/Editor/Data/MonoBleedingEdge/etc'
Using monoOptions --debugger-agent=transport=dt_socket,embedding=1,server=y,suspend=n,address=127.0.0.1:56220
Begin MonoManager ReloadAssembly
Registering precompiled unity dll's ...
Register platform support module: C:/Program Files/Unity/Hub/Editor/2022.3.16f1/Editor/Data/PlaybackEngines/WebGLSupport/UnityEditor.WebGL.Extensions.dll
Register platform support module: C:/Program Files/Unity/Hub/Editor/2022.3.16f1/Editor/Data/PlaybackEngines/WindowsStandaloneSupport/UnityEditor.WindowsStandalone.Extensions.dll
Registered in 0.010271 seconds.
- Loaded All Assemblies, in  0.472 seconds
Native extension for WindowsStandalone target not found
Native extension for WebGL target not found
Mono: successfully reloaded assembly
- Finished resetting the current domain, in  0.461 seconds
Domain Reload Profiling: 932ms
	BeginReloadAssembly (126ms)
		ExecutionOrderSort (0ms)
		DisableScriptedObjects (0ms)
		BackupInstance (0ms)
		ReleaseScriptingObjects (0ms)
		CreateAndSetChildDomain (1ms)
	RebuildCommonClasses (49ms)
	RebuildNativeTypeToScriptingClass (15ms)
	initialDomainReloadingComplete (88ms)
	LoadAllAssembliesAndSetupDomain (192ms)
		LoadAssemblies (125ms)
		RebuildTransferFunctionScriptingTraits (0ms)
		AnalyzeDomain (187ms)
			TypeCache.Refresh (184ms)
				TypeCache.ScanAssembly (166ms)
			ScanForSourceGeneratedMonoScriptInfo (1ms)
			ResolveRequiredComponents (1ms)
	FinalizeReload (461ms)
		ReleaseScriptCaches (0ms)
		RebuildScriptCaches (0ms)
		SetupLoadedEditorAssemblies (364ms)
			LogAssemblyErrors (0ms)
			InitializePlatformSupportModulesInManaged (17ms)
			SetLoadedEditorAssemblies (9ms)
			RefreshPlugins (0ms)
			BeforeProcessingInitializeOnLoad (4ms)
			ProcessInitializeOnLoadAttributes (270ms)
			ProcessInitializeOnLoadMethodAttributes (64ms)
			AfterProcessingInitializeOnLoad (0ms)
			EditorAssembliesLoaded (0ms)
		ExecutionOrderSort2 (0ms)
		AwakeInstancesAfterBackupRestoration (0ms)
========================================================================
Worker process is ready to serve import requests
Begin MonoManager ReloadAssembly
- Loaded All Assemblies, in  0.550 seconds
Refreshing native plugins compatible for Editor in 3.07 ms, found 3 plugins.
Native extension for WindowsStandalone target not found
Native extension for WebGL target not found
Package Manager log level set to [2]
[Package Manager] Server::EnsureServerProcessIsRunning -- launch failed, reason: Unity was launched with the -noUpm command-line argument
[Package Manager] UpmClient::Send -- Unable to send message (not connected to UPM process).
[Package Manager] Cannot connect to Unity Package Manager local server
Mono: successfully reloaded assembly
- Finished resetting the current domain, in  0.625 seconds
Domain Reload Profiling: 1174ms
	BeginReloadAssembly (153ms)
		ExecutionOrderSort (0ms)
		DisableScriptedObjects (5ms)
		BackupInstance (0ms)
		ReleaseScriptingObjects (0ms)
		CreateAndSetChildDomain (30ms)
	RebuildCommonClasses (35ms)
	RebuildNativeTypeToScriptingClass (9ms)
	initialDomainReloadingComplete (35ms)
	LoadAllAssembliesAndSetupDomain (316ms)
		LoadAssemblies (253ms)
		RebuildTransferFunctionScriptingTraits (0ms)
		AnalyzeDomain (142ms)
			TypeCache.Refresh (122ms)
				TypeCache.ScanAssembly (110ms)
			ScanForSourceGeneratedMonoScriptInfo (14ms)
			ResolveRequiredComponents (3ms)
	FinalizeReload (625ms)
		ReleaseScriptCaches (0ms)
		RebuildScriptCaches (0ms)
		SetupLoadedEditorAssemblies (496ms)
			LogAssemblyErrors (0ms)
			InitializePlatformSupportModulesInManaged (6ms)
			SetLoadedEditorAssemblies (5ms)
			RefreshPlugins (0ms)
			BeforeProcessingInitializeOnLoad (53ms)
			ProcessInitializeOnLoadAttributes (409ms)
			ProcessInitializeOnLoadMethodAttributes (18ms)
			AfterProcessingInitializeOnLoad (5ms)
			EditorAssembliesLoaded (0ms)
		ExecutionOrderSort2 (0ms)
		AwakeInstancesAfterBackupRestoration (7ms)
Launched and connected shader compiler UnityShaderCompiler.exe after 0.03 seconds
Refreshing native plugins compatible for Editor in 2.31 ms, found 3 plugins.
Preloading 0 native plugins for Editor in 0.00 ms.
Unloading 3103 Unused Serialized files (Serialized files now loaded: 0)
Unloading 32 unused Assets / (57.0 KB). Loaded Objects now: 3565.
Memory consumption went from 126.9 MB to 126.8 MB.
Total: 4.564100 ms (FindLiveObjects: 0.343600 ms CreateObjectMapping: 0.353500 ms MarkObjects: 3.761100 ms  DeleteObjects: 0.104600 ms)

AssetImportParameters requested are different than current active one (requested -> active):
  custom:container-demuxer-ogg: 62fdf1f143b41e24485cea50d1cbac27 -> 
  custom:video-decoder-ogg-theora: a1e56fd34408186e4bbccfd4996cb3dc -> 
  custom:framework-win-MediaFoundation: 216162199b28c13a410421893ffa2e32 -> 
  custom:CustomObjectIndexerAttribute: 43b350a4d6e6d1791af0b5038c4bea17 -> 
  custom:container-demuxer-webm: 4f35f7cbe854078d1ac9338744f61a02 -> 
  custom:container-muxer-webm: aa71ff27fc2769a1b78a27578f13a17b -> 
  custom:video-decoder-webm-vp8: 9c59270c3fd7afecdb556c50c9e8de78 -> 
  custom:SearchIndexIgnoredProperties: e643bd26f0fe6173181afceb89e7c659 -> 
  custom:AudioImporter_EditorPlatform: d09bf68614088b80899f8185d706f6e7 -> 
  custom:video-encoder-webm-vp8: eb34c28f22e8b96e1ab97ce403110664 -> 
  custom:audio-decoder-ogg-vorbis: bf7c407c2cedff20999df2af8eb42d56 -> 
  custom:audio-encoder-webm-vorbis: bf7c407c2cedff20999df2af8eb42d56 -> 
========================================================================
Received Import Request.
  Time since last request: 4232186.465707 seconds.
  path: Assets/WM_SciFi_Weapon1_Lite/Textures/WM_SF_Wp01_j_Metallic.png
  artifactKey: Guid(2880610cf49764648b341facc6f9d0a2) Importer(2089858483,0ecaa5967403d082aa24f35e1b516d23)
Start importing Assets/WM_SciFi_Weapon1_Lite/Textures/WM_SF_Wp01_j_Metallic.png using Guid(2880610cf49764648b341facc6f9d0a2) Importer(2089858483,0ecaa5967403d082aa24f35e1b516d23) Generated GUIDs only implemented for interfaces!
 -> (artifact id: 'c1baa39bdcb6b62892afc22178f4956a') in 0.131747 seconds
Number of updated asset objects reloaded before import = 0
Number of asset objects unloaded after import = 1
========================================================================
Received Import Request.
  Time since last request: 0.000023 seconds.
  path: Assets/WM_SciFi_Weapon1_Lite/Textures/WM_SF_Wp01_c_Albedo.png
  artifactKey: Guid(32d957f528effa44fbdc35cb154cb33f) Importer(2089858483,0ecaa5967403d082aa24f35e1b516d23)
Start importing Assets/WM_SciFi_Weapon1_Lite/Textures/WM_SF_Wp01_c_Albedo.png using Guid(32d957f528effa44fbdc35cb154cb33f) Importer(2089858483,0ecaa5967403d082aa24f35e1b516d23) Generated GUIDs only implemented for interfaces!
 -> (artifact id: 'b2953d27fecc4661bc52e571ee046f25') in 0.026978 seconds
Number of updated asset objects reloaded before import = 0
Number of asset objects unloaded after import = 1
========================================================================
Received Import Request.
  Time since last request: 0.000053 seconds.
  path: Assets/WM_SciFi_Weapon1_Lite/Textures/WM_SF_Wp01_a_Emission.png
  artifactKey: Guid(6112b7b836ab7954cbddf01b22990c2f) Importer(2089858483,0ecaa5967403d082aa24f35e1b516d23)
Start importing Assets/WM_SciFi_Weapon1_Lite/Textures/WM_SF_Wp01_a_Emission.png using Guid(6112b7b836ab7954cbddf01b22990c2f) Importer(2089858483,0ecaa5967403d082aa24f35e1b516d23) Generated GUIDs only implemented for interfaces!
 -> (artifact id: '816e3fe1757aa15e3cac7e0e1c7e9254') in 0.023588 seconds
Number of updated asset objects reloaded before import = 0
Number of asset objects unloaded after import = 1
========================================================================
Received Import Request.
  Time since last request: 0.000021 seconds.
  path: Assets/WM_SciFi_Weapon1_Lite/Textures/WM_SF_Wp01_l_Metallic.png
  artifactKey: Guid(d5adf10c12564784a922437ab85735a1) Importer(2089858483,0ecaa5967403d082aa24f35e1b516d23)
Start importing Assets/WM_SciFi_Weapon1_Lite/Textures/WM_SF_Wp01_l_Metallic.png using Guid(d5adf10c12564784a922437ab85735a1) Importer(2089858483,0ecaa5967403d082aa24f35e1b516d23) Generated GUIDs only implemented for interfaces!
 -> (artifact id: 'e15701c9c0355147733dd5034326a1d0') in 0.027940 seconds
Number of updated asset objects reloaded before import = 0
Number of asset objects unloaded after import = 1
========================================================================
Received Import Request.
  Time since last request: 0.000022 seconds.
  path: Assets/WM_SciFi_Weapon1_Lite/Textures/WM_SF_Wp01_b_Emission.png
  artifactKey: Guid(527ee4e8396408346be40ca3d9a68be6) Importer(2089858483,0ecaa5967403d082aa24f35e1b516d23)
Start importing Assets/WM_SciFi_Weapon1_Lite/Textures/WM_SF_Wp01_b_Emission.png using Guid(527ee4e8396408346be40ca3d9a68be6) Importer(2089858483,0ecaa5967403d082aa24f35e1b516d23) Generated GUIDs only implemented for interfaces!
 -> (artifact id: '3fdf865eba2dacecc27c838525c1b99d') in 0.026461 seconds
Number of updated asset objects reloaded before import = 0
Number of asset objects unloaded after import = 1
========================================================================
Received Import Request.
  Time since last request: 0.000023 seconds.
  path: Assets/WM_SciFi_Weapon1_Lite/Textures/WM_SF_Wp01_a_Albedo.png
  artifactKey: Guid(3be6e60be711ee44a8574ec5c7174c59) Importer(2089858483,0ecaa5967403d082aa24f35e1b516d23)
Start importing Assets/WM_SciFi_Weapon1_Lite/Textures/WM_SF_Wp01_a_Albedo.png using Guid(3be6e60be711ee44a8574ec5c7174c59) Importer(2089858483,0ecaa5967403d082aa24f35e1b516d23) Generated GUIDs only implemented for interfaces!
 -> (artifact id: '5d47a8f0c120d35f4b9c7f3e8323e81f') in 0.027858 seconds
Number of updated asset objects reloaded before import = 0
Number of asset objects unloaded after import = 1
========================================================================
Received Import Request.
  Time since last request: 0.000049 seconds.
  path: Assets/WM_SciFi_Weapon1_Lite/Textures/WM_SF_Wp01_j_Albedo.png
  artifactKey: Guid(8370c3e0b70b0db4595a2b70c44e3d61) Importer(2089858483,0ecaa5967403d082aa24f35e1b516d23)
Start importing Assets/WM_SciFi_Weapon1_Lite/Textures/WM_SF_Wp01_j_Albedo.png using Guid(8370c3e0b70b0db4595a2b70c44e3d61) Importer(2089858483,0ecaa5967403d082aa24f35e1b516d23) Generated GUIDs only implemented for interfaces!
 -> (artifact id: '29ed9fc7e41e6eb01dc957c2a0c9d997') in 0.029443 seconds
Number of updated asset objects reloaded before import = 0
Number of asset objects unloaded after import = 1
========================================================================
Received Import Request.
  Time since last request: 0.000022 seconds.
  path: Assets/WM_SciFi_Weapon1_Lite/Textures/WM_SF_Wp01_g_Metallic.png
  artifactKey: Guid(6c4de6b44bbfdb54bbf28ff85a4c7e3f) Importer(2089858483,0ecaa5967403d082aa24f35e1b516d23)
Start importing Assets/WM_SciFi_Weapon1_Lite/Textures/WM_SF_Wp01_g_Metallic.png using Guid(6c4de6b44bbfdb54bbf28ff85a4c7e3f) Importer(2089858483,0ecaa5967403d082aa24f35e1b516d23) Generated GUIDs only implemented for interfaces!
 -> (artifact id: '2284bba03d0085d0494e0e713127c5a1') in 0.027384 seconds
Number of updated asset objects reloaded before import = 0
Number of asset objects unloaded after import = 1
========================================================================
Received Import Request.
  Time since last request: 0.000037 seconds.
  path: Assets/WM_SciFi_Weapon1_Lite/Perfabs/WM_SF_Wp01_f.prefab
  artifactKey: Guid(a3f5e25276f1fd3409ce847dc74b044a) Importer(2089858483,0ecaa5967403d082aa24f35e1b516d23)
Start importing Assets/WM_SciFi_Weapon1_Lite/Perfabs/WM_SF_Wp01_f.prefab using Guid(a3f5e25276f1fd3409ce847dc74b044a) Importer(2089858483,0ecaa5967403d082aa24f35e1b516d23) Generated GUIDs only implemented for interfaces!
 -> (artifact id: '97bf3194c03be60b7a4810fce2eb218e') in 0.019326 seconds
Number of updated asset objects reloaded before import = 0
Number of asset objects unloaded after import = 9
========================================================================
Received Import Request.
  Time since last request: 0.000070 seconds.
  path: Assets/WM_SciFi_Weapon1_Lite/Materials/M_WM_SF_Wp01_l.mat
  artifactKey: Guid(210d9d0e5b6f020418eb8344598d648f) Importer(2089858483,0ecaa5967403d082aa24f35e1b516d23)
Start importing Assets/WM_SciFi_Weapon1_Lite/Materials/M_WM_SF_Wp01_l.mat using Guid(210d9d0e5b6f020418eb8344598d648f) Importer(2089858483,0ecaa5967403d082aa24f35e1b516d23) Generated GUIDs only implemented for interfaces!
 -> (artifact id: '0f49923e861d5978f26ba53a0c8a0107') in 0.070735 seconds
Number of updated asset objects reloaded before import = 0
Number of asset objects unloaded after import = 6
========================================================================
Received Import Request.
  Time since last request: 0.000030 seconds.
  path: Assets/WM_SciFi_Weapon1_Lite/Perfabs/WM_SF_Wp01_h.prefab
  artifactKey: Guid(268760835ae3b5a49816dd0748250b9d) Importer(2089858483,0ecaa5967403d082aa24f35e1b516d23)
Start importing Assets/WM_SciFi_Weapon1_Lite/Perfabs/WM_SF_Wp01_h.prefab using Guid(268760835ae3b5a49816dd0748250b9d) Importer(2089858483,0ecaa5967403d082aa24f35e1b516d23) Generated GUIDs only implemented for interfaces!
 -> (artifact id: '39d64aaa3ac2b749196c82c2ef1bc23f') in 0.034921 seconds
Number of updated asset objects reloaded before import = 0
Number of asset objects unloaded after import = 9
========================================================================
Received Import Request.
  Time since last request: 0.000245 seconds.
  path: Assets/WM_SciFi_Weapon1_Lite/Textures/WM_SF_Wp01_l_Albedo.png
  artifactKey: Guid(0e1aff6a8ac3ecc43b0ceba7b6e06535) Importer(2089858483,0ecaa5967403d082aa24f35e1b516d23)
Start importing Assets/WM_SciFi_Weapon1_Lite/Textures/WM_SF_Wp01_l_Albedo.png using Guid(0e1aff6a8ac3ecc43b0ceba7b6e06535) Importer(2089858483,0ecaa5967403d082aa24f35e1b516d23) Generated GUIDs only implemented for interfaces!
 -> (artifact id: 'e4e5781e4743f1af64249d09b7b50ad6') in 0.043538 seconds
Number of updated asset objects reloaded before import = 0
Number of asset objects unloaded after import = 1
========================================================================
Received Import Request.
  Time since last request: 0.000025 seconds.
  path: Assets/WM_SciFi_Weapon1_Lite/Perfabs/WM_SF_Wp01_k.prefab
  artifactKey: Guid(d2e8a7e893c349e45ae2901abc8c8534) Importer(2089858483,0ecaa5967403d082aa24f35e1b516d23)
Start importing Assets/WM_SciFi_Weapon1_Lite/Perfabs/WM_SF_Wp01_k.prefab using Guid(d2e8a7e893c349e45ae2901abc8c8534) Importer(2089858483,0ecaa5967403d082aa24f35e1b516d23) Generated GUIDs only implemented for interfaces!
 -> (artifact id: '8f0c1a4553ddaaf4ae9d8e5494733a73') in 0.013851 seconds
Number of updated asset objects reloaded before import = 0
Number of asset objects unloaded after import = 9
========================================================================
Received Import Request.
  Time since last request: 0.000020 seconds.
  path: Assets/WM_SciFi_Weapon1_Lite/Textures
  artifactKey: Guid(b5f70572fa43b8d4d92f731798122bdd) Importer(2089858483,0ecaa5967403d082aa24f35e1b516d23)
Start importing Assets/WM_SciFi_Weapon1_Lite/Textures using Guid(b5f70572fa43b8d4d92f731798122bdd) Importer(2089858483,0ecaa5967403d082aa24f35e1b516d23) Generated GUIDs only implemented for interfaces!
 -> (artifact id: '573549845104fe70c691e75c7a3269cf') in 0.012077 seconds
Number of updated asset objects reloaded before import = 0
Number of asset objects unloaded after import = 1
========================================================================
Received Import Request.
  Time since last request: 0.000060 seconds.
  path: Assets/WM_SciFi_Weapon1_Lite/Materials/M_WM_SF_Wp01_e.mat
  artifactKey: Guid(9a46162dc2337ce4d8db0597d03d23e7) Importer(2089858483,0ecaa5967403d082aa24f35e1b516d23)
Start importing Assets/WM_SciFi_Weapon1_Lite/Materials/M_WM_SF_Wp01_e.mat using Guid(9a46162dc2337ce4d8db0597d03d23e7) Importer(2089858483,0ecaa5967403d082aa24f35e1b516d23) Generated GUIDs only implemented for interfaces!
 -> (artifact id: '65fd9feb254d6cba3f0795ba97baaf96') in 0.018188 seconds
Number of updated asset objects reloaded before import = 0
Number of asset objects unloaded after import = 6
========================================================================
Received Import Request.
  Time since last request: 0.000023 seconds.
  path: Assets/WM_SciFi_Weapon1_Lite/Materials/M_Skybox.mat
  artifactKey: Guid(7162d5cc67fe00e438826f1f5c3d86c1) Importer(2089858483,0ecaa5967403d082aa24f35e1b516d23)
Start importing Assets/WM_SciFi_Weapon1_Lite/Materials/M_Skybox.mat using Guid(7162d5cc67fe00e438826f1f5c3d86c1) Importer(2089858483,0ecaa5967403d082aa24f35e1b516d23) Generated GUIDs only implemented for interfaces!
 -> (artifact id: '763c73f93f68e44316b0c5e61e3acaa3') in 0.019471 seconds
Number of updated asset objects reloaded before import = 0
Number of asset objects unloaded after import = 2
========================================================================
Received Import Request.
  Time since last request: 0.000021 seconds.
  path: Assets/WM_SciFi_Weapon1_Lite/Materials/M_WM_SF_Wp01_j.mat
  artifactKey: Guid(d1bda0ffc4b90c249baa418e092ddff6) Importer(2089858483,0ecaa5967403d082aa24f35e1b516d23)
Start importing Assets/WM_SciFi_Weapon1_Lite/Materials/M_WM_SF_Wp01_j.mat using Guid(d1bda0ffc4b90c249baa418e092ddff6) Importer(2089858483,0ecaa5967403d082aa24f35e1b516d23) Generated GUIDs only implemented for interfaces!
 -> (artifact id: 'dc5365a4932b49ac6635191b96ad11c6') in 0.018570 seconds
Number of updated asset objects reloaded before import = 0
Number of asset objects unloaded after import = 6
========================================================================
Received Import Request.
  Time since last request: 0.000024 seconds.
  path: Assets/WM_SciFi_Weapon1_Lite/Textures/WM_SF_Wp01_k_Metallic.png
  artifactKey: Guid(eac6ad66a74eff0468c5f6e2eed7ff61) Importer(2089858483,0ecaa5967403d082aa24f35e1b516d23)
Start importing Assets/WM_SciFi_Weapon1_Lite/Textures/WM_SF_Wp01_k_Metallic.png using Guid(eac6ad66a74eff0468c5f6e2eed7ff61) Importer(2089858483,0ecaa5967403d082aa24f35e1b516d23) Generated GUIDs only implemented for interfaces!
 -> (artifact id: '9e2d563e631fcf3e3e17237cd31cc8fe') in 0.028773 seconds
Number of updated asset objects reloaded before import = 0
Number of asset objects unloaded after import = 1
========================================================================
Received Import Request.
  Time since last request: 0.000019 seconds.
  path: Assets/WM_SciFi_Weapon1_Lite/Perfabs/WM_SF_Wp01_j.prefab
  artifactKey: Guid(d11ebc4ff4ee1a1429a653d4e73985d0) Importer(2089858483,0ecaa5967403d082aa24f35e1b516d23)
Start importing Assets/WM_SciFi_Weapon1_Lite/Perfabs/WM_SF_Wp01_j.prefab using Guid(d11ebc4ff4ee1a1429a653d4e73985d0) Importer(2089858483,0ecaa5967403d082aa24f35e1b516d23) Generated GUIDs only implemented for interfaces!
 -> (artifact id: '68b695370494d7ba8bbef45a1126f52d') in 0.014047 seconds
Number of updated asset objects reloaded before import = 0
Number of asset objects unloaded after import = 9
========================================================================
Received Import Request.
  Time since last request: 0.000025 seconds.
  path: Assets/WM_SciFi_Weapon1_Lite/Textures/WM_SF_Wp01_h_Albedo.png
  artifactKey: Guid(f4f55c8aa35ef514494c3842c9dee6d6) Importer(2089858483,0ecaa5967403d082aa24f35e1b516d23)
Start importing Assets/WM_SciFi_Weapon1_Lite/Textures/WM_SF_Wp01_h_Albedo.png using Guid(f4f55c8aa35ef514494c3842c9dee6d6) Importer(2089858483,0ecaa5967403d082aa24f35e1b516d23) Generated GUIDs only implemented for interfaces!
 -> (artifact id: 'eb791cde574b7493822a934aa92cf3e2') in 0.024856 seconds
Number of updated asset objects reloaded before import = 0
Number of asset objects unloaded after import = 1
========================================================================
Received Import Request.
  Time since last request: 0.000042 seconds.
  path: Assets/WM_SciFi_Weapon1_Lite/Perfabs/WM_SF_Wp01_e.prefab
  artifactKey: Guid(9fecd9daf8366044a923861dc0b935f8) Importer(2089858483,0ecaa5967403d082aa24f35e1b516d23)
Start importing Assets/WM_SciFi_Weapon1_Lite/Perfabs/WM_SF_Wp01_e.prefab using Guid(9fecd9daf8366044a923861dc0b935f8) Importer(2089858483,0ecaa5967403d082aa24f35e1b516d23) Generated GUIDs only implemented for interfaces!
 -> (artifact id: '3d171a4094783e28b4ac557e39d68ef0') in 0.014306 seconds
Number of updated asset objects reloaded before import = 0
Number of asset objects unloaded after import = 9
========================================================================
Received Import Request.
  Time since last request: 0.000048 seconds.
  path: Assets/WM_SciFi_Weapon1_Lite/Textures/WM_SF_Wp01_e_Metallic.png
  artifactKey: Guid(5f288fcc136298740a7a38241966394a) Importer(2089858483,0ecaa5967403d082aa24f35e1b516d23)
Start importing Assets/WM_SciFi_Weapon1_Lite/Textures/WM_SF_Wp01_e_Metallic.png using Guid(5f288fcc136298740a7a38241966394a) Importer(2089858483,0ecaa5967403d082aa24f35e1b516d23) Generated GUIDs only implemented for interfaces!
 -> (artifact id: '48a8a6bfb494ebf41f0615c9464420f0') in 0.026224 seconds
Number of updated asset objects reloaded before import = 0
Number of asset objects unloaded after import = 1
========================================================================
Received Import Request.
  Time since last request: 0.000018 seconds.
  path: Assets/WM_SciFi_Weapon1_Lite/Textures/Cubemap.exr
  artifactKey: Guid(d5951e2b293b3f64086f746d99979200) Importer(2089858483,0ecaa5967403d082aa24f35e1b516d23)
Start importing Assets/WM_SciFi_Weapon1_Lite/Textures/Cubemap.exr using Guid(d5951e2b293b3f64086f746d99979200) Importer(2089858483,0ecaa5967403d082aa24f35e1b516d23) Generated GUIDs only implemented for interfaces!
 -> (artifact id: '8c06087fecdd90fba6485789c748439c') in 0.022532 seconds
Number of updated asset objects reloaded before import = 0
Number of asset objects unloaded after import = 1
========================================================================
Received Import Request.
  Time since last request: 0.000023 seconds.
  path: Assets/WM_SciFi_Weapon1_Lite/Materials
  artifactKey: Guid(199ad0692a72b8f44ab46892ce8101f0) Importer(2089858483,0ecaa5967403d082aa24f35e1b516d23)
Start importing Assets/WM_SciFi_Weapon1_Lite/Materials using Guid(199ad0692a72b8f44ab46892ce8101f0) Importer(2089858483,0ecaa5967403d082aa24f35e1b516d23) Generated GUIDs only implemented for interfaces!
 -> (artifact id: 'bbf99b147f1fa88519e4748768fc99e1') in 0.010258 seconds
Number of updated asset objects reloaded before import = 0
Number of asset objects unloaded after import = 1
========================================================================
Received Import Request.
  Time since last request: 0.000032 seconds.
  path: Assets/WM_SciFi_Weapon1_Lite/Perfabs/WM_SF_Wp01_i.prefab
  artifactKey: Guid(45a89e4c747f9274a9ef65e274de96a4) Importer(2089858483,0ecaa5967403d082aa24f35e1b516d23)
Start importing Assets/WM_SciFi_Weapon1_Lite/Perfabs/WM_SF_Wp01_i.prefab using Guid(45a89e4c747f9274a9ef65e274de96a4) Importer(2089858483,0ecaa5967403d082aa24f35e1b516d23) Generated GUIDs only implemented for interfaces!
 -> (artifact id: '0c3d2e2ffc8e4969b58e98750ded050b') in 0.014491 seconds
Number of updated asset objects reloaded before import = 0
Number of asset objects unloaded after import = 9
========================================================================
Received Import Request.
  Time since last request: 0.000028 seconds.
  path: Assets/WM_SciFi_Weapon1_Lite/Textures/WM_SF_Wp01_g_Albedo.png
  artifactKey: Guid(141150e637d09b24d9b80117cd9b51b2) Importer(2089858483,0ecaa5967403d082aa24f35e1b516d23)
Start importing Assets/WM_SciFi_Weapon1_Lite/Textures/WM_SF_Wp01_g_Albedo.png using Guid(141150e637d09b24d9b80117cd9b51b2) Importer(2089858483,0ecaa5967403d082aa24f35e1b516d23) Generated GUIDs only implemented for interfaces!
 -> (artifact id: '8c6fcd134927dbda0e4e076da493cc21') in 0.023128 seconds
Number of updated asset objects reloaded before import = 0
Number of asset objects unloaded after import = 1
========================================================================
Received Import Request.
  Time since last request: 0.000016 seconds.
  path: Assets/WM_SciFi_Weapon1_Lite/Textures/WM_SF_Wp01_e_Albedo.png
  artifactKey: Guid(cbb37379bf3db7845b9edd2c17622015) Importer(2089858483,0ecaa5967403d082aa24f35e1b516d23)
Start importing Assets/WM_SciFi_Weapon1_Lite/Textures/WM_SF_Wp01_e_Albedo.png using Guid(cbb37379bf3db7845b9edd2c17622015) Importer(2089858483,0ecaa5967403d082aa24f35e1b516d23) Generated GUIDs only implemented for interfaces!
 -> (artifact id: 'a50f8ac4f816b9900833fc3431a9d31e') in 0.027590 seconds
Number of updated asset objects reloaded before import = 0
Number of asset objects unloaded after import = 1
========================================================================
Received Import Request.
  Time since last request: 0.000018 seconds.
  path: Assets/WM_SciFi_Weapon1_Lite/Perfabs/WM_SF_Wp01_c.prefab
  artifactKey: Guid(b92f14dbb1c82874abd7f5b4b5cae9f9) Importer(2089858483,0ecaa5967403d082aa24f35e1b516d23)
Start importing Assets/WM_SciFi_Weapon1_Lite/Perfabs/WM_SF_Wp01_c.prefab using Guid(b92f14dbb1c82874abd7f5b4b5cae9f9) Importer(2089858483,0ecaa5967403d082aa24f35e1b516d23) Generated GUIDs only implemented for interfaces!
 -> (artifact id: 'a566753d6bd3c7d6816794438b81385b') in 0.012614 seconds
Number of updated asset objects reloaded before import = 0
Number of asset objects unloaded after import = 9
========================================================================
Received Import Request.
  Time since last request: 0.000040 seconds.
  path: Assets/WM_SciFi_Weapon1_Lite/Textures/WM_SF_Wp01_b_Metallic.png
  artifactKey: Guid(6cfd9c5576e6ba641a19b86c86795f01) Importer(2089858483,0ecaa5967403d082aa24f35e1b516d23)
Start importing Assets/WM_SciFi_Weapon1_Lite/Textures/WM_SF_Wp01_b_Metallic.png using Guid(6cfd9c5576e6ba641a19b86c86795f01) Importer(2089858483,0ecaa5967403d082aa24f35e1b516d23) Generated GUIDs only implemented for interfaces!
 -> (artifact id: 'c5e8c2d96c5b45a32eb14e2a1dcd335f') in 0.031565 seconds
Number of updated asset objects reloaded before import = 0
Number of asset objects unloaded after import = 1
========================================================================
Received Import Request.
  Time since last request: 0.000018 seconds.
  path: Assets/WM_SciFi_Weapon1_Lite/Materials/M_WM_SF_Wp01_c.mat
  artifactKey: Guid(a5b87350cf1f6974596d848c151583af) Importer(2089858483,0ecaa5967403d082aa24f35e1b516d23)
Start importing Assets/WM_SciFi_Weapon1_Lite/Materials/M_WM_SF_Wp01_c.mat using Guid(a5b87350cf1f6974596d848c151583af) Importer(2089858483,0ecaa5967403d082aa24f35e1b516d23) Generated GUIDs only implemented for interfaces!
 -> (artifact id: 'eb9182e6a97ccdd17dfd34a6e0602b09') in 0.016868 seconds
Number of updated asset objects reloaded before import = 0
Number of asset objects unloaded after import = 6
========================================================================
Received Import Request.
  Time since last request: 0.000022 seconds.
  path: Assets/WM_SciFi_Weapon1_Lite/Textures/WM_SF_Wp01_h_Metallic.png
  artifactKey: Guid(a114a3de0d80a7740b9703ca6a3dd571) Importer(2089858483,0ecaa5967403d082aa24f35e1b516d23)
Start importing Assets/WM_SciFi_Weapon1_Lite/Textures/WM_SF_Wp01_h_Metallic.png using Guid(a114a3de0d80a7740b9703ca6a3dd571) Importer(2089858483,0ecaa5967403d082aa24f35e1b516d23) Generated GUIDs only implemented for interfaces!
 -> (artifact id: 'fb81948a7e27c2ba730e23e4249c90b8') in 0.030131 seconds
Number of updated asset objects reloaded before import = 0
Number of asset objects unloaded after import = 1
========================================================================
Received Import Request.
  Time since last request: 0.000020 seconds.
  path: Assets/WM_SciFi_Weapon1_Lite/Materials/M_WM_SF_Wp01_h.mat
  artifactKey: Guid(a3c6b976aeae43141871d462ea13c245) Importer(2089858483,0ecaa5967403d082aa24f35e1b516d23)
Start importing Assets/WM_SciFi_Weapon1_Lite/Materials/M_WM_SF_Wp01_h.mat using Guid(a3c6b976aeae43141871d462ea13c245) Importer(2089858483,0ecaa5967403d082aa24f35e1b516d23) Generated GUIDs only implemented for interfaces!
 -> (artifact id: '59d3da8d37551995a171738adf85df08') in 0.019241 seconds
Number of updated asset objects reloaded before import = 0
Number of asset objects unloaded after import = 6
========================================================================
Received Import Request.
  Time since last request: 0.000038 seconds.
  path: Assets/WM_SciFi_Weapon1_Lite/Perfabs/WM_SF_Wp01_l.prefab
  artifactKey: Guid(8b40d3802fc6f8047a720d5a9a841660) Importer(2089858483,0ecaa5967403d082aa24f35e1b516d23)
Start importing Assets/WM_SciFi_Weapon1_Lite/Perfabs/WM_SF_Wp01_l.prefab using Guid(8b40d3802fc6f8047a720d5a9a841660) Importer(2089858483,0ecaa5967403d082aa24f35e1b516d23) Generated GUIDs only implemented for interfaces!
 -> (artifact id: '1d44fa70fce0e14f3fd9c2081d4997d8') in 0.025927 seconds
Number of updated asset objects reloaded before import = 0
Number of asset objects unloaded after import = 9
========================================================================
Received Import Request.
  Time since last request: 0.000033 seconds.
  path: Assets/WM_SciFi_Weapon1_Lite/Materials/M_WM_SF_Wp01_i.mat
  artifactKey: Guid(833152474286293458de0953fed80e41) Importer(2089858483,0ecaa5967403d082aa24f35e1b516d23)
Start importing Assets/WM_SciFi_Weapon1_Lite/Materials/M_WM_SF_Wp01_i.mat using Guid(833152474286293458de0953fed80e41) Importer(2089858483,0ecaa5967403d082aa24f35e1b516d23) Generated GUIDs only implemented for interfaces!
 -> (artifact id: '87013b269f4421efac24277231b81555') in 0.050391 seconds
Number of updated asset objects reloaded before import = 0
Number of asset objects unloaded after import = 6
========================================================================
Received Import Request.
  Time since last request: 0.000022 seconds.
  path: Assets/WM_SciFi_Weapon1_Lite/Textures/WM_SF_Wp01_a_AO.png
  artifactKey: Guid(adb86d476b0a95744af50806c77b674a) Importer(2089858483,0ecaa5967403d082aa24f35e1b516d23)
Start importing Assets/WM_SciFi_Weapon1_Lite/Textures/WM_SF_Wp01_a_AO.png using Guid(adb86d476b0a95744af50806c77b674a) Importer(2089858483,0ecaa5967403d082aa24f35e1b516d23) Generated GUIDs only implemented for interfaces!
 -> (artifact id: 'a9c514c4b50a06d1d89dd87f7c75a8f8') in 0.031347 seconds
Number of updated asset objects reloaded before import = 0
Number of asset objects unloaded after import = 1
========================================================================
Received Import Request.
  Time since last request: 0.000019 seconds.
  path: Assets/WM_SciFi_Weapon1_Lite/Textures/WM_SF_Wp01_g_Emission.png
  artifactKey: Guid(a12bd6d27f9df634fb5183d34a6b3098) Importer(2089858483,0ecaa5967403d082aa24f35e1b516d23)
Start importing Assets/WM_SciFi_Weapon1_Lite/Textures/WM_SF_Wp01_g_Emission.png using Guid(a12bd6d27f9df634fb5183d34a6b3098) Importer(2089858483,0ecaa5967403d082aa24f35e1b516d23) Generated GUIDs only implemented for interfaces!
 -> (artifact id: '9250eacf6c336810e20e694807551cdd') in 0.028965 seconds
Number of updated asset objects reloaded before import = 0
Number of asset objects unloaded after import = 1
========================================================================
Received Import Request.
  Time since last request: 5.628031 seconds.
  path: Assets/WM_SciFi_Weapon1_Lite
  artifactKey: Guid(c13bc8de065867a4a86c2bf246b1570a) Importer(815301076,1909f56bfc062723c751e8b465ee728b)
Start importing Assets/WM_SciFi_Weapon1_Lite using Guid(c13bc8de065867a4a86c2bf246b1570a) Importer(815301076,1909f56bfc062723c751e8b465ee728b)  -> (artifact id: 'a59542f0abd9d87c72d6460abc87982d') in 0.000511 seconds
Number of updated asset objects reloaded before import = 0
Number of asset objects unloaded after import = 0
========================================================================
Received Import Request.
  Time since last request: 2.963815 seconds.
  path: Assets/WM_SciFi_Weapon1_Lite/Demo
  artifactKey: Guid(6110e045867719742beb72c93af33b04) Importer(815301076,1909f56bfc062723c751e8b465ee728b)
Start importing Assets/WM_SciFi_Weapon1_Lite/Demo using Guid(6110e045867719742beb72c93af33b04) Importer(815301076,1909f56bfc062723c751e8b465ee728b)  -> (artifact id: '10075a2af24f4cd02735e3ee29863f30') in 0.000532 seconds
Number of updated asset objects reloaded before import = 0
Number of asset objects unloaded after import = 0
========================================================================
Received Import Request.
  Time since last request: 3.997960 seconds.
  path: Assets/WM_SciFi_Weapon1_Lite/Materials
  artifactKey: Guid(199ad0692a72b8f44ab46892ce8101f0) Importer(815301076,1909f56bfc062723c751e8b465ee728b)
Start importing Assets/WM_SciFi_Weapon1_Lite/Materials using Guid(199ad0692a72b8f44ab46892ce8101f0) Importer(815301076,1909f56bfc062723c751e8b465ee728b)  -> (artifact id: '5cf8d8de5e6538dc14857a1b9316dd04') in 0.000396 seconds
Number of updated asset objects reloaded before import = 0
Number of asset objects unloaded after import = 0
========================================================================
Received Import Request.
  Time since last request: 0.077275 seconds.
  path: Assets/WM_SciFi_Weapon1_Lite/Materials/M_Skybox.mat
  artifactKey: Guid(7162d5cc67fe00e438826f1f5c3d86c1) Importer(815301076,1909f56bfc062723c751e8b465ee728b)
Start importing Assets/WM_SciFi_Weapon1_Lite/Materials/M_Skybox.mat using Guid(7162d5cc67fe00e438826f1f5c3d86c1) Importer(815301076,1909f56bfc062723c751e8b465ee728b)  -> (artifact id: 'e8cad0910f836b8de6b08dbfbd70d895') in 0.118170 seconds
Number of updated asset objects reloaded before import = 0
Number of asset objects unloaded after import = 2
========================================================================
Received Import Request.
  Time since last request: 0.000026 seconds.
  path: Assets/WM_SciFi_Weapon1_Lite/Materials/M_WM_SF_Wp01_h.mat
  artifactKey: Guid(a3c6b976aeae43141871d462ea13c245) Importer(815301076,1909f56bfc062723c751e8b465ee728b)
Start importing Assets/WM_SciFi_Weapon1_Lite/Materials/M_WM_SF_Wp01_h.mat using Guid(a3c6b976aeae43141871d462ea13c245) Importer(815301076,1909f56bfc062723c751e8b465ee728b)  -> (artifact id: '696933c066260576fbd28032a3dd4acf') in 0.209581 seconds
Number of updated asset objects reloaded before import = 0
Number of asset objects unloaded after import = 6
========================================================================
Received Import Request.
  Time since last request: 0.000034 seconds.
  path: Assets/WM_SciFi_Weapon1_Lite/Materials/M_WM_SF_Wp01_k.mat
  artifactKey: Guid(40e1c1166fd9dd54bb2e31cd3bf7889d) Importer(815301076,1909f56bfc062723c751e8b465ee728b)
Start importing Assets/WM_SciFi_Weapon1_Lite/Materials/M_WM_SF_Wp01_k.mat using Guid(40e1c1166fd9dd54bb2e31cd3bf7889d) Importer(815301076,1909f56bfc062723c751e8b465ee728b)  -> (artifact id: '8fbcb15ba5dde4c023e3dc6edac9319a') in 0.020988 seconds
Number of updated asset objects reloaded before import = 0
Number of asset objects unloaded after import = 6
========================================================================
Received Import Request.
  Time since last request: 0.000018 seconds.
  path: Assets/WM_SciFi_Weapon1_Lite/Materials/M_WM_SF_Wp01_f.mat
  artifactKey: Guid(5efee9a7dd68cec4bb5cecdd349c9bc5) Importer(815301076,1909f56bfc062723c751e8b465ee728b)
Start importing Assets/WM_SciFi_Weapon1_Lite/Materials/M_WM_SF_Wp01_f.mat using Guid(5efee9a7dd68cec4bb5cecdd349c9bc5) Importer(815301076,1909f56bfc062723c751e8b465ee728b)  -> (artifact id: '704ec06aee3b7a62cfc8bf8f26ee27cb') in 0.024691 seconds
Number of updated asset objects reloaded before import = 0
Number of asset objects unloaded after import = 6
========================================================================
Received Import Request.
  Time since last request: 1.620532 seconds.
  path: Assets/WM_SciFi_Weapon1_Lite/Meshes
  artifactKey: Guid(0a11ef5474d27a949924db7a5d5d1991) Importer(815301076,1909f56bfc062723c751e8b465ee728b)
Start importing Assets/WM_SciFi_Weapon1_Lite/Meshes using Guid(0a11ef5474d27a949924db7a5d5d1991) Importer(815301076,1909f56bfc062723c751e8b465ee728b)  -> (artifact id: '7326e7f700b781d772611844523e1743') in 0.000814 seconds
Number of updated asset objects reloaded before import = 0
Number of asset objects unloaded after import = 0
========================================================================
Received Import Request.
  Time since last request: 0.069231 seconds.
  path: Assets/WM_SciFi_Weapon1_Lite/Meshes/WM_SF_Wp01_a.FBX
  artifactKey: Guid(589c90d4952cd7f4f99d50582f9da48d) Importer(815301076,1909f56bfc062723c751e8b465ee728b)
Start importing Assets/WM_SciFi_Weapon1_Lite/Meshes/WM_SF_Wp01_a.FBX using Guid(589c90d4952cd7f4f99d50582f9da48d) Importer(815301076,1909f56bfc062723c751e8b465ee728b)  -> (artifact id: 'd1d065969c282d30dd4bdf9596ca8a73') in 0.047401 seconds
Number of updated asset objects reloaded before import = 0
Number of asset objects unloaded after import = 13
========================================================================
Received Import Request.
  Time since last request: 1.519804 seconds.
  path: Assets/WM_SciFi_Weapon1_Lite/Perfabs
  artifactKey: Guid(005dc02a9eb728c42932f595d8446f8c) Importer(815301076,1909f56bfc062723c751e8b465ee728b)
Start importing Assets/WM_SciFi_Weapon1_Lite/Perfabs using Guid(005dc02a9eb728c42932f595d8446f8c) Importer(815301076,1909f56bfc062723c751e8b465ee728b)  -> (artifact id: '2bcc8b5e2370918295590a202f160c0c') in 0.000427 seconds
Number of updated asset objects reloaded before import = 0
Number of asset objects unloaded after import = 0
========================================================================
Received Import Request.
  Time since last request: 0.072198 seconds.
  path: Assets/WM_SciFi_Weapon1_Lite/Perfabs/WM_SF_Wp01_a.prefab
  artifactKey: Guid(32ca24d493f79754a94923210f088a44) Importer(815301076,1909f56bfc062723c751e8b465ee728b)
Start importing Assets/WM_SciFi_Weapon1_Lite/Perfabs/WM_SF_Wp01_a.prefab using Guid(32ca24d493f79754a94923210f088a44) Importer(815301076,1909f56bfc062723c751e8b465ee728b)  -> (artifact id: '93787882d947966440e0348ebece3d9f') in 0.018893 seconds
Number of updated asset objects reloaded before import = 0
Number of asset objects unloaded after import = 15
========================================================================
Received Import Request.
  Time since last request: 0.000046 seconds.
  path: Assets/WM_SciFi_Weapon1_Lite/Perfabs/WM_SF_Wp01_i.prefab
  artifactKey: Guid(45a89e4c747f9274a9ef65e274de96a4) Importer(815301076,1909f56bfc062723c751e8b465ee728b)
Start importing Assets/WM_SciFi_Weapon1_Lite/Perfabs/WM_SF_Wp01_i.prefab using Guid(45a89e4c747f9274a9ef65e274de96a4) Importer(815301076,1909f56bfc062723c751e8b465ee728b)  -> (artifact id: 'da9c269d880f77ca8a88be922fb33240') in 0.014606 seconds
Number of updated asset objects reloaded before import = 0
Number of asset objects unloaded after import = 15
========================================================================
Received Import Request.
  Time since last request: 0.000021 seconds.
  path: Assets/WM_SciFi_Weapon1_Lite/Perfabs/WM_SF_Wp01_k.prefab
  artifactKey: Guid(d2e8a7e893c349e45ae2901abc8c8534) Importer(815301076,1909f56bfc062723c751e8b465ee728b)
Start importing Assets/WM_SciFi_Weapon1_Lite/Perfabs/WM_SF_Wp01_k.prefab using Guid(d2e8a7e893c349e45ae2901abc8c8534) Importer(815301076,1909f56bfc062723c751e8b465ee728b)  -> (artifact id: 'd94736e5f56de3621574bb73bdf94819') in 0.019121 seconds
Number of updated asset objects reloaded before import = 0
Number of asset objects unloaded after import = 15
========================================================================
Received Import Request.
  Time since last request: 0.000026 seconds.
  path: Assets/WM_SciFi_Weapon1_Lite/Perfabs/WM_SF_Wp01_g.prefab
  artifactKey: Guid(48164cc44c2ad934ab415432ded30d61) Importer(815301076,1909f56bfc062723c751e8b465ee728b)
Start importing Assets/WM_SciFi_Weapon1_Lite/Perfabs/WM_SF_Wp01_g.prefab using Guid(48164cc44c2ad934ab415432ded30d61) Importer(815301076,1909f56bfc062723c751e8b465ee728b)  -> (artifact id: 'fffbad7138e0636478064749a4ffd88d') in 0.019805 seconds
Number of updated asset objects reloaded before import = 0
Number of asset objects unloaded after import = 15
========================================================================
Received Import Request.
  Time since last request: 0.000023 seconds.
  path: Assets/WM_SciFi_Weapon1_Lite/Perfabs/WM_SF_Wp01_h.prefab
  artifactKey: Guid(268760835ae3b5a49816dd0748250b9d) Importer(815301076,1909f56bfc062723c751e8b465ee728b)
Start importing Assets/WM_SciFi_Weapon1_Lite/Perfabs/WM_SF_Wp01_h.prefab using Guid(268760835ae3b5a49816dd0748250b9d) Importer(815301076,1909f56bfc062723c751e8b465ee728b)  -> (artifact id: '2129e8b072f75d50934eccb9ebbd7000') in 0.016805 seconds
Number of updated asset objects reloaded before import = 0
Number of asset objects unloaded after import = 15
========================================================================
Received Import Request.
  Time since last request: 2.221185 seconds.
  path: Assets/WM_SciFi_Weapon1_Lite/Textures
  artifactKey: Guid(b5f70572fa43b8d4d92f731798122bdd) Importer(815301076,1909f56bfc062723c751e8b465ee728b)
Start importing Assets/WM_SciFi_Weapon1_Lite/Textures using Guid(b5f70572fa43b8d4d92f731798122bdd) Importer(815301076,1909f56bfc062723c751e8b465ee728b)  -> (artifact id: '340533c7618792781d4b560cbafd9aee') in 0.000493 seconds
Number of updated asset objects reloaded before import = 0
Number of asset objects unloaded after import = 0
========================================================================
Received Import Request.
  Time since last request: 0.052078 seconds.
  path: Assets/WM_SciFi_Weapon1_Lite/Textures/Cubemap.exr
  artifactKey: Guid(d5951e2b293b3f64086f746d99979200) Importer(815301076,1909f56bfc062723c751e8b465ee728b)
Start importing Assets/WM_SciFi_Weapon1_Lite/Textures/Cubemap.exr using Guid(d5951e2b293b3f64086f746d99979200) Importer(815301076,1909f56bfc062723c751e8b465ee728b)  -> (artifact id: 'c2380a1c98d7d264bfd070c603450980') in 0.030654 seconds
Number of updated asset objects reloaded before import = 0
Number of asset objects unloaded after import = 1
========================================================================
Received Import Request.
  Time since last request: 0.000025 seconds.
  path: Assets/WM_SciFi_Weapon1_Lite/Textures/WM_SF_Wp01_b_Albedo.png
  artifactKey: Guid(067abfa45e3bf6a43aca4ab1dd56a431) Importer(815301076,1909f56bfc062723c751e8b465ee728b)
Start importing Assets/WM_SciFi_Weapon1_Lite/Textures/WM_SF_Wp01_b_Albedo.png using Guid(067abfa45e3bf6a43aca4ab1dd56a431) Importer(815301076,1909f56bfc062723c751e8b465ee728b)  -> (artifact id: '7706d7b8c2fc250e19d30c968dba89c1') in 0.023791 seconds
Number of updated asset objects reloaded before import = 0
Number of asset objects unloaded after import = 2
========================================================================
Received Import Request.
  Time since last request: 0.000018 seconds.
  path: Assets/WM_SciFi_Weapon1_Lite/Textures/WM_SF_Wp01_c_Emission.png
  artifactKey: Guid(63f1c9676e64d0e43ac8153dddfe1817) Importer(815301076,1909f56bfc062723c751e8b465ee728b)
Start importing Assets/WM_SciFi_Weapon1_Lite/Textures/WM_SF_Wp01_c_Emission.png using Guid(63f1c9676e64d0e43ac8153dddfe1817) Importer(815301076,1909f56bfc062723c751e8b465ee728b)  -> (artifact id: 'b221eb81c2ea04fb0f39f7094bb90ba3') in 0.015250 seconds
Number of updated asset objects reloaded before import = 0
Number of asset objects unloaded after import = 2
========================================================================
Received Import Request.
  Time since last request: 0.000023 seconds.
  path: Assets/WM_SciFi_Weapon1_Lite/Textures/WM_SF_Wp01_a_Emission.png
  artifactKey: Guid(6112b7b836ab7954cbddf01b22990c2f) Importer(815301076,1909f56bfc062723c751e8b465ee728b)
Start importing Assets/WM_SciFi_Weapon1_Lite/Textures/WM_SF_Wp01_a_Emission.png using Guid(6112b7b836ab7954cbddf01b22990c2f) Importer(815301076,1909f56bfc062723c751e8b465ee728b)  -> (artifact id: 'fa4ac156d5754e867a4a59f44fe2d751') in 0.016216 seconds
Number of updated asset objects reloaded before import = 0
Number of asset objects unloaded after import = 2
========================================================================
Received Import Request.
  Time since last request: 0.000015 seconds.
  path: Assets/WM_SciFi_Weapon1_Lite/Textures/WM_SF_Wp01_g_Emission.png
  artifactKey: Guid(a12bd6d27f9df634fb5183d34a6b3098) Importer(815301076,1909f56bfc062723c751e8b465ee728b)
Start importing Assets/WM_SciFi_Weapon1_Lite/Textures/WM_SF_Wp01_g_Emission.png using Guid(a12bd6d27f9df634fb5183d34a6b3098) Importer(815301076,1909f56bfc062723c751e8b465ee728b)  -> (artifact id: '0c5374d7b09103af308f4d94a2c94d64') in 0.015535 seconds
Number of updated asset objects reloaded before import = 0
Number of asset objects unloaded after import = 2
========================================================================
Received Import Request.
  Time since last request: 0.000022 seconds.
  path: Assets/WM_SciFi_Weapon1_Lite/Textures/WM_SF_Wp01_h_Emission.png
  artifactKey: Guid(a92150a644349504787b74ddb3727ee4) Importer(815301076,1909f56bfc062723c751e8b465ee728b)
Start importing Assets/WM_SciFi_Weapon1_Lite/Textures/WM_SF_Wp01_h_Emission.png using Guid(a92150a644349504787b74ddb3727ee4) Importer(815301076,1909f56bfc062723c751e8b465ee728b)  -> (artifact id: '5982f69baaf94e44a3afb96cdd91edfd') in 0.016542 seconds
Number of updated asset objects reloaded before import = 0
Number of asset objects unloaded after import = 2
========================================================================
Received Import Request.
  Time since last request: 0.000021 seconds.
  path: Assets/WM_SciFi_Weapon1_Lite/Textures/WM_SF_Wp01_f_Metallic.png
  artifactKey: Guid(913fb5bfb9a898b45877be5c34e9c4c7) Importer(815301076,1909f56bfc062723c751e8b465ee728b)
Start importing Assets/WM_SciFi_Weapon1_Lite/Textures/WM_SF_Wp01_f_Metallic.png using Guid(913fb5bfb9a898b45877be5c34e9c4c7) Importer(815301076,1909f56bfc062723c751e8b465ee728b)  -> (artifact id: '9640bd9000f560dacc12c2555c10f349') in 0.016645 seconds
Number of updated asset objects reloaded before import = 0
Number of asset objects unloaded after import = 2
========================================================================
Received Import Request.
  Time since last request: 0.000016 seconds.
  path: Assets/WM_SciFi_Weapon1_Lite/Textures/WM_SF_Wp01_c_Metallic.png
  artifactKey: Guid(8546e3d3c3a7cda4da80493fdebdcf06) Importer(815301076,1909f56bfc062723c751e8b465ee728b)
Start importing Assets/WM_SciFi_Weapon1_Lite/Textures/WM_SF_Wp01_c_Metallic.png using Guid(8546e3d3c3a7cda4da80493fdebdcf06) Importer(815301076,1909f56bfc062723c751e8b465ee728b)  -> (artifact id: '27016a5cda1987cb9d93f1b0cc89ca12') in 0.017528 seconds
Number of updated asset objects reloaded before import = 0
Number of asset objects unloaded after import = 2
========================================================================
Received Import Request.
  Time since last request: 0.000016 seconds.
  path: Assets/WM_SciFi_Weapon1_Lite/Textures/WM_SF_Wp01_i_Metallic.png
  artifactKey: Guid(65f1d12612c2dcc4f863d746060d6372) Importer(815301076,1909f56bfc062723c751e8b465ee728b)
Start importing Assets/WM_SciFi_Weapon1_Lite/Textures/WM_SF_Wp01_i_Metallic.png using Guid(65f1d12612c2dcc4f863d746060d6372) Importer(815301076,1909f56bfc062723c751e8b465ee728b)  -> (artifact id: '035f297dbcc5ef6725a53c9943b4973a') in 0.016273 seconds
Number of updated asset objects reloaded before import = 0
Number of asset objects unloaded after import = 2
========================================================================
Received Import Request.
  Time since last request: 0.000023 seconds.
  path: Assets/WM_SciFi_Weapon1_Lite/Textures/WM_SF_Wp01_b_Emission.png
  artifactKey: Guid(527ee4e8396408346be40ca3d9a68be6) Importer(815301076,1909f56bfc062723c751e8b465ee728b)
Start importing Assets/WM_SciFi_Weapon1_Lite/Textures/WM_SF_Wp01_b_Emission.png using Guid(527ee4e8396408346be40ca3d9a68be6) Importer(815301076,1909f56bfc062723c751e8b465ee728b)  -> (artifact id: '61cffda0a58131573e9a14a52ac8976c') in 0.021100 seconds
Number of updated asset objects reloaded before import = 0
Number of asset objects unloaded after import = 2
========================================================================
Received Import Request.
  Time since last request: 0.000019 seconds.
  path: Assets/WM_SciFi_Weapon1_Lite/Textures/WM_SF_Wp01_l_Albedo.png
  artifactKey: Guid(0e1aff6a8ac3ecc43b0ceba7b6e06535) Importer(815301076,1909f56bfc062723c751e8b465ee728b)
Start importing Assets/WM_SciFi_Weapon1_Lite/Textures/WM_SF_Wp01_l_Albedo.png using Guid(0e1aff6a8ac3ecc43b0ceba7b6e06535) Importer(815301076,1909f56bfc062723c751e8b465ee728b)  -> (artifact id: '672bc706f08dbd82d3e20a209deb490f') in 0.016167 seconds
Number of updated asset objects reloaded before import = 0
Number of asset objects unloaded after import = 2
========================================================================
Received Import Request.
  Time since last request: 0.000018 seconds.
  path: Assets/WM_SciFi_Weapon1_Lite/Textures/WM_SF_Wp01_h_Albedo.png
  artifactKey: Guid(f4f55c8aa35ef514494c3842c9dee6d6) Importer(815301076,1909f56bfc062723c751e8b465ee728b)
Start importing Assets/WM_SciFi_Weapon1_Lite/Textures/WM_SF_Wp01_h_Albedo.png using Guid(f4f55c8aa35ef514494c3842c9dee6d6) Importer(815301076,1909f56bfc062723c751e8b465ee728b)  -> (artifact id: '4274fbef545b4554147416e622014d50') in 0.016505 seconds
Number of updated asset objects reloaded before import = 0
Number of asset objects unloaded after import = 2
========================================================================
Received Import Request.
  Time since last request: 0.000038 seconds.
  path: Assets/WM_SciFi_Weapon1_Lite/Textures/WM_SF_Wp01_l_Metallic.png
  artifactKey: Guid(d5adf10c12564784a922437ab85735a1) Importer(815301076,1909f56bfc062723c751e8b465ee728b)
Start importing Assets/WM_SciFi_Weapon1_Lite/Textures/WM_SF_Wp01_l_Metallic.png using Guid(d5adf10c12564784a922437ab85735a1) Importer(815301076,1909f56bfc062723c751e8b465ee728b)  -> (artifact id: '7518f73c1568cb131e59b153c88adde5') in 0.017040 seconds
Number of updated asset objects reloaded before import = 0
Number of asset objects unloaded after import = 2
========================================================================
Received Import Request.
  Time since last request: 9.357313 seconds.
  path: Assets/WM_SciFi_Weapon1_Lite/Demo/DEMO1.unity
  artifactKey: Guid(60fbfadef6c8c9245ad2ece4f2e6c94a) Importer(815301076,1909f56bfc062723c751e8b465ee728b)
Start importing Assets/WM_SciFi_Weapon1_Lite/Demo/DEMO1.unity using Guid(60fbfadef6c8c9245ad2ece4f2e6c94a) Importer(815301076,1909f56bfc062723c751e8b465ee728b)  -> (artifact id: 'a76787204bc837c99520086d8e5f7b5e') in 0.000464 seconds
Number of updated asset objects reloaded before import = 0
Number of asset objects unloaded after import = 0
========================================================================
Received Import Request.
  Time since last request: 7.168339 seconds.
  path: Assets/WM_SciFi_Weapon1_Lite/Demo/DEMO1Settings.lighting
  artifactKey: Guid(f0d66dc7d10f24e4a82482ac105685a5) Importer(815301076,1909f56bfc062723c751e8b465ee728b)
Start importing Assets/WM_SciFi_Weapon1_Lite/Demo/DEMO1Settings.lighting using Guid(f0d66dc7d10f24e4a82482ac105685a5) Importer(815301076,1909f56bfc062723c751e8b465ee728b) LightingSettings: switching bake backend from 1 to 0.
 -> (artifact id: 'b7982620def117c6b9b173a8a8d0fbb7') in 0.000949 seconds
Number of updated asset objects reloaded before import = 0
Number of asset objects unloaded after import = 1
========================================================================
Received Prepare
Begin MonoManager ReloadAssembly
- Loaded All Assemblies, in  0.443 seconds
Refreshing native plugins compatible for Editor in 4.24 ms, found 3 plugins.
Native extension for WindowsStandalone target not found
Native extension for WebGL target not found
[Package Manager] Server::EnsureServerProcessIsRunning -- launch failed, reason: Unity was launched with the -noUpm command-line argument
[Package Manager] UpmClient::Send -- Unable to send message (not connected to UPM process).
[Package Manager] Cannot connect to Unity Package Manager local server
Mono: successfully reloaded assembly
- Finished resetting the current domain, in  1.080 seconds
Domain Reload Profiling: 1523ms
	BeginReloadAssembly (156ms)
		ExecutionOrderSort (0ms)
		DisableScriptedObjects (5ms)
		BackupInstance (0ms)
		ReleaseScriptingObjects (0ms)
		CreateAndSetChildDomain (41ms)
	RebuildCommonClasses (28ms)
	RebuildNativeTypeToScriptingClass (9ms)
	initialDomainReloadingComplete (29ms)
	LoadAllAssembliesAndSetupDomain (221ms)
		LoadAssemblies (282ms)
		RebuildTransferFunctionScriptingTraits (0ms)
		AnalyzeDomain (18ms)
			TypeCache.Refresh (10ms)
				TypeCache.ScanAssembly (0ms)
			ScanForSourceGeneratedMonoScriptInfo (0ms)
			ResolveRequiredComponents (6ms)
	FinalizeReload (1081ms)
		ReleaseScriptCaches (0ms)
		RebuildScriptCaches (0ms)
		SetupLoadedEditorAssemblies (630ms)
			LogAssemblyErrors (0ms)
			InitializePlatformSupportModulesInManaged (7ms)
			SetLoadedEditorAssemblies (5ms)
			RefreshPlugins (0ms)
			BeforeProcessingInitializeOnLoad (67ms)
			ProcessInitializeOnLoadAttributes (523ms)
			ProcessInitializeOnLoadMethodAttributes (22ms)
			AfterProcessingInitializeOnLoad (6ms)
			EditorAssembliesLoaded (0ms)
		ExecutionOrderSort2 (0ms)
		AwakeInstancesAfterBackupRestoration (8ms)
Refreshing native plugins compatible for Editor in 2.69 ms, found 3 plugins.
Preloading 0 native plugins for Editor in 0.00 ms.
Unloading 3082 Unused Serialized files (Serialized files now loaded: 0)
Unloading 23 unused Assets / (31.1 KB). Loaded Objects now: 3616.
Memory consumption went from 129.5 MB to 129.5 MB.
Total: 6.176400 ms (FindLiveObjects: 0.579800 ms CreateObjectMapping: 0.281700 ms MarkObjects: 5.229600 ms  DeleteObjects: 0.083300 ms)

Prepare: number of updated asset objects reloaded= 0
AssetImportParameters requested are different than current active one (requested -> active):
  custom:container-demuxer-ogg: 62fdf1f143b41e24485cea50d1cbac27 -> 
  custom:video-decoder-ogg-theora: a1e56fd34408186e4bbccfd4996cb3dc -> 
  custom:framework-win-MediaFoundation: 216162199b28c13a410421893ffa2e32 -> 
  custom:CustomObjectIndexerAttribute: 43b350a4d6e6d1791af0b5038c4bea17 -> 
  custom:container-demuxer-webm: 4f35f7cbe854078d1ac9338744f61a02 -> 
  custom:container-muxer-webm: aa71ff27fc2769a1b78a27578f13a17b -> 
  custom:video-decoder-webm-vp8: 9c59270c3fd7afecdb556c50c9e8de78 -> 
  custom:SearchIndexIgnoredProperties: e643bd26f0fe6173181afceb89e7c659 -> 
  custom:AudioImporter_EditorPlatform: d09bf68614088b80899f8185d706f6e7 -> 
  custom:video-encoder-webm-vp8: eb34c28f22e8b96e1ab97ce403110664 -> 
  custom:audio-decoder-ogg-vorbis: bf7c407c2cedff20999df2af8eb42d56 -> 
  custom:audio-encoder-webm-vorbis: bf7c407c2cedff20999df2af8eb42d56 -> 
========================================================================
Received Prepare
Begin MonoManager ReloadAssembly
- Loaded All Assemblies, in  0.420 seconds
Refreshing native plugins compatible for Editor in 2.49 ms, found 3 plugins.
Native extension for WindowsStandalone target not found
Native extension for WebGL target not found
[Package Manager] Server::EnsureServerProcessIsRunning -- launch failed, reason: Unity was launched with the -noUpm command-line argument
[Package Manager] UpmClient::Send -- Unable to send message (not connected to UPM process).
[Package Manager] Cannot connect to Unity Package Manager local server
Mono: successfully reloaded assembly
- Finished resetting the current domain, in  1.111 seconds
Domain Reload Profiling: 1529ms
	BeginReloadAssembly (153ms)
		ExecutionOrderSort (0ms)
		DisableScriptedObjects (7ms)
		BackupInstance (0ms)
		ReleaseScriptingObjects (0ms)
		CreateAndSetChildDomain (41ms)
	RebuildCommonClasses (27ms)
	RebuildNativeTypeToScriptingClass (9ms)
	initialDomainReloadingComplete (27ms)
	LoadAllAssembliesAndSetupDomain (202ms)
		LoadAssemblies (263ms)
		RebuildTransferFunctionScriptingTraits (0ms)
		AnalyzeDomain (15ms)
			TypeCache.Refresh (10ms)
				TypeCache.ScanAssembly (0ms)
			ScanForSourceGeneratedMonoScriptInfo (0ms)
			ResolveRequiredComponents (4ms)
	FinalizeReload (1111ms)
		ReleaseScriptCaches (0ms)
		RebuildScriptCaches (0ms)
		SetupLoadedEditorAssemblies (646ms)
			LogAssemblyErrors (0ms)
			InitializePlatformSupportModulesInManaged (8ms)
			SetLoadedEditorAssemblies (5ms)
			RefreshPlugins (0ms)
			BeforeProcessingInitializeOnLoad (76ms)
			ProcessInitializeOnLoadAttributes (525ms)
			ProcessInitializeOnLoadMethodAttributes (26ms)
			AfterProcessingInitializeOnLoad (5ms)
			EditorAssembliesLoaded (0ms)
		ExecutionOrderSort2 (0ms)
		AwakeInstancesAfterBackupRestoration (8ms)
Refreshing native plugins compatible for Editor in 3.60 ms, found 3 plugins.
Preloading 0 native plugins for Editor in 0.00 ms.
Unloading 3083 Unused Serialized files (Serialized files now loaded: 0)
Unloading 23 unused Assets / (31.1 KB). Loaded Objects now: 3619.
Memory consumption went from 131.7 MB to 131.6 MB.
Total: 5.744100 ms (FindLiveObjects: 0.773100 ms CreateObjectMapping: 0.294400 ms MarkObjects: 4.513800 ms  DeleteObjects: 0.160500 ms)

Prepare: number of updated asset objects reloaded= 0
AssetImportParameters requested are different than current active one (requested -> active):
  custom:container-demuxer-ogg: 62fdf1f143b41e24485cea50d1cbac27 -> 
  custom:video-decoder-ogg-theora: a1e56fd34408186e4bbccfd4996cb3dc -> 
  custom:framework-win-MediaFoundation: 216162199b28c13a410421893ffa2e32 -> 
  custom:CustomObjectIndexerAttribute: 43b350a4d6e6d1791af0b5038c4bea17 -> 
  custom:container-demuxer-webm: 4f35f7cbe854078d1ac9338744f61a02 -> 
  custom:container-muxer-webm: aa71ff27fc2769a1b78a27578f13a17b -> 
  custom:video-decoder-webm-vp8: 9c59270c3fd7afecdb556c50c9e8de78 -> 
  custom:SearchIndexIgnoredProperties: e643bd26f0fe6173181afceb89e7c659 -> 
  custom:AudioImporter_EditorPlatform: d09bf68614088b80899f8185d706f6e7 -> 
  custom:video-encoder-webm-vp8: eb34c28f22e8b96e1ab97ce403110664 -> 
  custom:audio-decoder-ogg-vorbis: bf7c407c2cedff20999df2af8eb42d56 -> 
  custom:audio-encoder-webm-vorbis: bf7c407c2cedff20999df2af8eb42d56 -> 
========================================================================
Received Prepare
Begin MonoManager ReloadAssembly
- Loaded All Assemblies, in  0.464 seconds
Refreshing native plugins compatible for Editor in 2.66 ms, found 3 plugins.
Native extension for WindowsStandalone target not found
Native extension for WebGL target not found
[Package Manager] Server::EnsureServerProcessIsRunning -- launch failed, reason: Unity was launched with the -noUpm command-line argument
[Package Manager] UpmClient::Send -- Unable to send message (not connected to UPM process).
[Package Manager] Cannot connect to Unity Package Manager local server
Mono: successfully reloaded assembly
- Finished resetting the current domain, in  1.199 seconds
Domain Reload Profiling: 1662ms
	BeginReloadAssembly (168ms)
		ExecutionOrderSort (0ms)
		DisableScriptedObjects (6ms)
		BackupInstance (0ms)
		ReleaseScriptingObjects (0ms)
		CreateAndSetChildDomain (44ms)
	RebuildCommonClasses (34ms)
	RebuildNativeTypeToScriptingClass (10ms)
	initialDomainReloadingComplete (25ms)
	LoadAllAssembliesAndSetupDomain (226ms)
		LoadAssemblies (298ms)
		RebuildTransferFunctionScriptingTraits (0ms)
		AnalyzeDomain (15ms)
			TypeCache.Refresh (8ms)
				TypeCache.ScanAssembly (0ms)
			ScanForSourceGeneratedMonoScriptInfo (0ms)
			ResolveRequiredComponents (5ms)
	FinalizeReload (1199ms)
		ReleaseScriptCaches (0ms)
		RebuildScriptCaches (0ms)
		SetupLoadedEditorAssemblies (716ms)
			LogAssemblyErrors (0ms)
			InitializePlatformSupportModulesInManaged (6ms)
			SetLoadedEditorAssemblies (5ms)
			RefreshPlugins (0ms)
			BeforeProcessingInitializeOnLoad (69ms)
			ProcessInitializeOnLoadAttributes (608ms)
			ProcessInitializeOnLoadMethodAttributes (23ms)
			AfterProcessingInitializeOnLoad (5ms)
			EditorAssembliesLoaded (0ms)
		ExecutionOrderSort2 (0ms)
		AwakeInstancesAfterBackupRestoration (8ms)
Refreshing native plugins compatible for Editor in 3.52 ms, found 3 plugins.
Preloading 0 native plugins for Editor in 0.00 ms.
Unloading 3083 Unused Serialized files (Serialized files now loaded: 0)
Unloading 23 unused Assets / (31.1 KB). Loaded Objects now: 3622.
Memory consumption went from 133.6 MB to 133.6 MB.
Total: 7.711300 ms (FindLiveObjects: 0.433200 ms CreateObjectMapping: 0.484900 ms MarkObjects: 6.696600 ms  DeleteObjects: 0.094300 ms)

Prepare: number of updated asset objects reloaded= 0
AssetImportParameters requested are different than current active one (requested -> active):
  custom:container-demuxer-ogg: 62fdf1f143b41e24485cea50d1cbac27 -> 
  custom:video-decoder-ogg-theora: a1e56fd34408186e4bbccfd4996cb3dc -> 
  custom:framework-win-MediaFoundation: 216162199b28c13a410421893ffa2e32 -> 
  custom:CustomObjectIndexerAttribute: 43b350a4d6e6d1791af0b5038c4bea17 -> 
  custom:container-demuxer-webm: 4f35f7cbe854078d1ac9338744f61a02 -> 
  custom:container-muxer-webm: aa71ff27fc2769a1b78a27578f13a17b -> 
  custom:video-decoder-webm-vp8: 9c59270c3fd7afecdb556c50c9e8de78 -> 
  custom:SearchIndexIgnoredProperties: e643bd26f0fe6173181afceb89e7c659 -> 
  custom:AudioImporter_EditorPlatform: d09bf68614088b80899f8185d706f6e7 -> 
  custom:video-encoder-webm-vp8: eb34c28f22e8b96e1ab97ce403110664 -> 
  custom:audio-decoder-ogg-vorbis: bf7c407c2cedff20999df2af8eb42d56 -> 
  custom:audio-encoder-webm-vorbis: bf7c407c2cedff20999df2af8eb42d56 -> 
========================================================================
Received Prepare
Begin MonoManager ReloadAssembly
- Loaded All Assemblies, in  0.413 seconds
Refreshing native plugins compatible for Editor in 2.41 ms, found 3 plugins.
Native extension for WindowsStandalone target not found
Native extension for WebGL target not found
[Package Manager] Server::EnsureServerProcessIsRunning -- launch failed, reason: Unity was launched with the -noUpm command-line argument
[Package Manager] UpmClient::Send -- Unable to send message (not connected to UPM process).
[Package Manager] Cannot connect to Unity Package Manager local server
Mono: successfully reloaded assembly
- Finished resetting the current domain, in  1.037 seconds
Domain Reload Profiling: 1449ms
	BeginReloadAssembly (160ms)
		ExecutionOrderSort (0ms)
		DisableScriptedObjects (6ms)
		BackupInstance (0ms)
		ReleaseScriptingObjects (0ms)
		CreateAndSetChildDomain (47ms)
	RebuildCommonClasses (36ms)
	RebuildNativeTypeToScriptingClass (9ms)
	initialDomainReloadingComplete (24ms)
	LoadAllAssembliesAndSetupDomain (181ms)
		LoadAssemblies (247ms)
		RebuildTransferFunctionScriptingTraits (0ms)
		AnalyzeDomain (11ms)
			TypeCache.Refresh (5ms)
				TypeCache.ScanAssembly (0ms)
			ScanForSourceGeneratedMonoScriptInfo (0ms)
			ResolveRequiredComponents (4ms)
	FinalizeReload (1038ms)
		ReleaseScriptCaches (0ms)
		RebuildScriptCaches (0ms)
		SetupLoadedEditorAssemblies (610ms)
			LogAssemblyErrors (0ms)
			InitializePlatformSupportModulesInManaged (8ms)
			SetLoadedEditorAssemblies (4ms)
			RefreshPlugins (0ms)
			BeforeProcessingInitializeOnLoad (56ms)
			ProcessInitializeOnLoadAttributes (510ms)
			ProcessInitializeOnLoadMethodAttributes (25ms)
			AfterProcessingInitializeOnLoad (7ms)
			EditorAssembliesLoaded (0ms)
		ExecutionOrderSort2 (0ms)
		AwakeInstancesAfterBackupRestoration (8ms)
Refreshing native plugins compatible for Editor in 3.35 ms, found 3 plugins.
Preloading 0 native plugins for Editor in 0.00 ms.
Unloading 3083 Unused Serialized files (Serialized files now loaded: 0)
Unloading 23 unused Assets / (31.1 KB). Loaded Objects now: 3625.
Memory consumption went from 135.5 MB to 135.5 MB.
Total: 6.489400 ms (FindLiveObjects: 0.602200 ms CreateObjectMapping: 0.369200 ms MarkObjects: 5.364000 ms  DeleteObjects: 0.151700 ms)

Prepare: number of updated asset objects reloaded= 0
AssetImportParameters requested are different than current active one (requested -> active):
  custom:container-demuxer-ogg: 62fdf1f143b41e24485cea50d1cbac27 -> 
  custom:video-decoder-ogg-theora: a1e56fd34408186e4bbccfd4996cb3dc -> 
  custom:framework-win-MediaFoundation: 216162199b28c13a410421893ffa2e32 -> 
  custom:CustomObjectIndexerAttribute: 43b350a4d6e6d1791af0b5038c4bea17 -> 
  custom:container-demuxer-webm: 4f35f7cbe854078d1ac9338744f61a02 -> 
  custom:container-muxer-webm: aa71ff27fc2769a1b78a27578f13a17b -> 
  custom:video-decoder-webm-vp8: 9c59270c3fd7afecdb556c50c9e8de78 -> 
  custom:SearchIndexIgnoredProperties: e643bd26f0fe6173181afceb89e7c659 -> 
  custom:AudioImporter_EditorPlatform: d09bf68614088b80899f8185d706f6e7 -> 
  custom:video-encoder-webm-vp8: eb34c28f22e8b96e1ab97ce403110664 -> 
  custom:audio-decoder-ogg-vorbis: bf7c407c2cedff20999df2af8eb42d56 -> 
  custom:audio-encoder-webm-vorbis: bf7c407c2cedff20999df2af8eb42d56 -> 
========================================================================
Received Prepare
Begin MonoManager ReloadAssembly
- Loaded All Assemblies, in  0.398 seconds
Refreshing native plugins compatible for Editor in 2.83 ms, found 3 plugins.
Native extension for WindowsStandalone target not found
Native extension for WebGL target not found
[Package Manager] Server::EnsureServerProcessIsRunning -- launch failed, reason: Unity was launched with the -noUpm command-line argument
[Package Manager] UpmClient::Send -- Unable to send message (not connected to UPM process).
[Package Manager] Cannot connect to Unity Package Manager local server
Mono: successfully reloaded assembly
- Finished resetting the current domain, in  1.058 seconds
Domain Reload Profiling: 1455ms
	BeginReloadAssembly (150ms)
		ExecutionOrderSort (0ms)
		DisableScriptedObjects (8ms)
		BackupInstance (0ms)
		ReleaseScriptingObjects (0ms)
		CreateAndSetChildDomain (40ms)
	RebuildCommonClasses (27ms)
	RebuildNativeTypeToScriptingClass (9ms)
	initialDomainReloadingComplete (26ms)
	LoadAllAssembliesAndSetupDomain (183ms)
		LoadAssemblies (239ms)
		RebuildTransferFunctionScriptingTraits (0ms)
		AnalyzeDomain (12ms)
			TypeCache.Refresh (8ms)
				TypeCache.ScanAssembly (0ms)
			ScanForSourceGeneratedMonoScriptInfo (0ms)
			ResolveRequiredComponents (3ms)
	FinalizeReload (1059ms)
		ReleaseScriptCaches (0ms)
		RebuildScriptCaches (0ms)
		SetupLoadedEditorAssemblies (609ms)
			LogAssemblyErrors (0ms)
			InitializePlatformSupportModulesInManaged (6ms)
			SetLoadedEditorAssemblies (4ms)
			RefreshPlugins (0ms)
			BeforeProcessingInitializeOnLoad (54ms)
			ProcessInitializeOnLoadAttributes (512ms)
			ProcessInitializeOnLoadMethodAttributes (25ms)
			AfterProcessingInitializeOnLoad (7ms)
			EditorAssembliesLoaded (0ms)
		ExecutionOrderSort2 (0ms)
		AwakeInstancesAfterBackupRestoration (10ms)
Refreshing native plugins compatible for Editor in 2.84 ms, found 3 plugins.
Preloading 0 native plugins for Editor in 0.00 ms.
Unloading 3083 Unused Serialized files (Serialized files now loaded: 0)
Unloading 23 unused Assets / (31.1 KB). Loaded Objects now: 3628.
Memory consumption went from 137.5 MB to 137.5 MB.
Total: 7.019400 ms (FindLiveObjects: 0.615100 ms CreateObjectMapping: 0.330500 ms MarkObjects: 5.925800 ms  DeleteObjects: 0.146400 ms)

Prepare: number of updated asset objects reloaded= 0
AssetImportParameters requested are different than current active one (requested -> active):
  custom:container-demuxer-ogg: 62fdf1f143b41e24485cea50d1cbac27 -> 
  custom:video-decoder-ogg-theora: a1e56fd34408186e4bbccfd4996cb3dc -> 
  custom:framework-win-MediaFoundation: 216162199b28c13a410421893ffa2e32 -> 
  custom:CustomObjectIndexerAttribute: 43b350a4d6e6d1791af0b5038c4bea17 -> 
  custom:container-demuxer-webm: 4f35f7cbe854078d1ac9338744f61a02 -> 
  custom:container-muxer-webm: aa71ff27fc2769a1b78a27578f13a17b -> 
  custom:video-decoder-webm-vp8: 9c59270c3fd7afecdb556c50c9e8de78 -> 
  custom:SearchIndexIgnoredProperties: e643bd26f0fe6173181afceb89e7c659 -> 
  custom:AudioImporter_EditorPlatform: d09bf68614088b80899f8185d706f6e7 -> 
  custom:video-encoder-webm-vp8: eb34c28f22e8b96e1ab97ce403110664 -> 
  custom:audio-decoder-ogg-vorbis: bf7c407c2cedff20999df2af8eb42d56 -> 
  custom:audio-encoder-webm-vorbis: bf7c407c2cedff20999df2af8eb42d56 -> 
